{"/home/rajol/projets6/robot/projetss6-robot-15528/src/display.js": {"path":"/home/rajol/projets6/robot/projetss6-robot-15528/src/display.js","all":false,"statementMap":{"0":{"start":{"line":1,"column":0},"end":{"line":1,"column":29}},"1":{"start":{"line":2,"column":0},"end":{"line":2,"column":10}},"2":{"start":{"line":3,"column":0},"end":{"line":3,"column":10}},"3":{"start":{"line":4,"column":0},"end":{"line":4,"column":24}},"4":{"start":{"line":5,"column":0},"end":{"line":5,"column":17}},"5":{"start":{"line":6,"column":0},"end":{"line":6,"column":29}},"6":{"start":{"line":7,"column":0},"end":{"line":7,"column":34}},"7":{"start":{"line":8,"column":0},"end":{"line":8,"column":42}},"8":{"start":{"line":9,"column":0},"end":{"line":9,"column":42}},"9":{"start":{"line":10,"column":0},"end":{"line":10,"column":42}},"10":{"start":{"line":11,"column":0},"end":{"line":11,"column":42}},"11":{"start":{"line":12,"column":0},"end":{"line":12,"column":42}},"12":{"start":{"line":13,"column":0},"end":{"line":13,"column":42}},"13":{"start":{"line":14,"column":0},"end":{"line":14,"column":43}},"14":{"start":{"line":15,"column":0},"end":{"line":15,"column":49}},"15":{"start":{"line":16,"column":0},"end":{"line":16,"column":35}},"16":{"start":{"line":17,"column":0},"end":{"line":17,"column":37}},"17":{"start":{"line":18,"column":0},"end":{"line":18,"column":37}},"18":{"start":{"line":19,"column":0},"end":{"line":19,"column":37}},"19":{"start":{"line":20,"column":0},"end":{"line":20,"column":37}},"20":{"start":{"line":21,"column":0},"end":{"line":21,"column":17}},"21":{"start":{"line":22,"column":0},"end":{"line":22,"column":13}},"22":{"start":{"line":23,"column":0},"end":{"line":23,"column":17}},"23":{"start":{"line":24,"column":0},"end":{"line":24,"column":23}},"24":{"start":{"line":25,"column":0},"end":{"line":25,"column":13}},"25":{"start":{"line":26,"column":0},"end":{"line":26,"column":25}},"26":{"start":{"line":27,"column":0},"end":{"line":27,"column":9}},"27":{"start":{"line":28,"column":0},"end":{"line":28,"column":24}},"28":{"start":{"line":29,"column":0},"end":{"line":29,"column":5}},"29":{"start":{"line":30,"column":0},"end":{"line":30,"column":3}},"30":{"start":{"line":31,"column":0},"end":{"line":31,"column":0}},"31":{"start":{"line":32,"column":0},"end":{"line":32,"column":0}},"32":{"start":{"line":33,"column":0},"end":{"line":33,"column":21}},"33":{"start":{"line":34,"column":0},"end":{"line":34,"column":27}},"34":{"start":{"line":35,"column":0},"end":{"line":35,"column":13}},"35":{"start":{"line":36,"column":0},"end":{"line":36,"column":30}},"36":{"start":{"line":37,"column":0},"end":{"line":37,"column":10}},"37":{"start":{"line":38,"column":0},"end":{"line":38,"column":5}},"38":{"start":{"line":39,"column":0},"end":{"line":39,"column":17}},"39":{"start":{"line":40,"column":0},"end":{"line":40,"column":44}},"40":{"start":{"line":41,"column":0},"end":{"line":41,"column":9}},"41":{"start":{"line":42,"column":0},"end":{"line":42,"column":26}},"42":{"start":{"line":43,"column":0},"end":{"line":43,"column":42}},"43":{"start":{"line":44,"column":0},"end":{"line":44,"column":42}},"44":{"start":{"line":45,"column":0},"end":{"line":45,"column":42}},"45":{"start":{"line":46,"column":0},"end":{"line":46,"column":42}},"46":{"start":{"line":47,"column":0},"end":{"line":47,"column":42}},"47":{"start":{"line":48,"column":0},"end":{"line":48,"column":42}},"48":{"start":{"line":49,"column":0},"end":{"line":49,"column":42}},"49":{"start":{"line":50,"column":0},"end":{"line":50,"column":6}},"50":{"start":{"line":51,"column":0},"end":{"line":51,"column":49}},"51":{"start":{"line":52,"column":0},"end":{"line":52,"column":35}},"52":{"start":{"line":53,"column":0},"end":{"line":53,"column":37}},"53":{"start":{"line":54,"column":0},"end":{"line":54,"column":37}},"54":{"start":{"line":55,"column":0},"end":{"line":55,"column":37}},"55":{"start":{"line":56,"column":0},"end":{"line":56,"column":37}},"56":{"start":{"line":57,"column":0},"end":{"line":57,"column":17}},"57":{"start":{"line":58,"column":0},"end":{"line":58,"column":13}},"58":{"start":{"line":59,"column":0},"end":{"line":59,"column":17}},"59":{"start":{"line":60,"column":0},"end":{"line":60,"column":23}},"60":{"start":{"line":61,"column":0},"end":{"line":61,"column":13}},"61":{"start":{"line":62,"column":0},"end":{"line":62,"column":25}},"62":{"start":{"line":63,"column":0},"end":{"line":63,"column":11}},"63":{"start":{"line":64,"column":0},"end":{"line":64,"column":24}},"64":{"start":{"line":65,"column":0},"end":{"line":65,"column":7}},"65":{"start":{"line":66,"column":0},"end":{"line":66,"column":1}}},"s":{"0":1,"1":1,"2":1,"3":1,"4":1,"5":1,"6":1,"7":1,"8":1,"9":1,"10":1,"11":1,"12":1,"13":1,"14":1,"15":1,"16":1,"17":1,"18":1,"19":1,"20":1,"21":1,"22":1,"23":1,"24":1,"25":1,"26":1,"27":1,"28":1,"29":1,"30":1,"31":1,"32":1,"33":1,"34":8,"35":8,"36":96,"37":96,"38":96,"39":96,"40":1524,"41":1524,"42":1524,"43":1524,"44":1524,"45":1524,"46":1524,"47":1524,"48":1524,"49":1524,"50":1524,"51":1516,"52":1516,"53":1516,"54":1516,"55":1516,"56":1516,"57":1516,"58":1516,"59":1516,"60":1516,"61":1524,"62":1524,"63":96,"64":96,"65":8},"branchMap":{"0":{"type":"branch","line":34,"loc":{"start":{"line":34,"column":7},"end":{"line":66,"column":1}},"locations":[{"start":{"line":34,"column":7},"end":{"line":66,"column":1}}]},"1":{"type":"branch","line":36,"loc":{"start":{"line":36,"column":21},"end":{"line":65,"column":7}},"locations":[{"start":{"line":36,"column":21},"end":{"line":65,"column":7}}]},"2":{"type":"branch","line":40,"loc":{"start":{"line":40,"column":33},"end":{"line":63,"column":11}},"locations":[{"start":{"line":40,"column":33},"end":{"line":63,"column":11}}]},"3":{"type":"branch","line":43,"loc":{"start":{"line":43,"column":12},"end":{"line":43,"column":42}},"locations":[{"start":{"line":43,"column":12},"end":{"line":43,"column":42}}]},"4":{"type":"branch","line":44,"loc":{"start":{"line":44,"column":12},"end":{"line":44,"column":42}},"locations":[{"start":{"line":44,"column":12},"end":{"line":44,"column":42}}]},"5":{"type":"branch","line":45,"loc":{"start":{"line":45,"column":12},"end":{"line":45,"column":42}},"locations":[{"start":{"line":45,"column":12},"end":{"line":45,"column":42}}]},"6":{"type":"branch","line":46,"loc":{"start":{"line":46,"column":12},"end":{"line":46,"column":42}},"locations":[{"start":{"line":46,"column":12},"end":{"line":46,"column":42}}]},"7":{"type":"branch","line":47,"loc":{"start":{"line":47,"column":12},"end":{"line":47,"column":42}},"locations":[{"start":{"line":47,"column":12},"end":{"line":47,"column":42}}]},"8":{"type":"branch","line":48,"loc":{"start":{"line":48,"column":12},"end":{"line":48,"column":42}},"locations":[{"start":{"line":48,"column":12},"end":{"line":48,"column":42}}]},"9":{"type":"branch","line":49,"loc":{"start":{"line":49,"column":12},"end":{"line":49,"column":42}},"locations":[{"start":{"line":49,"column":12},"end":{"line":49,"column":42}}]},"10":{"type":"branch","line":51,"loc":{"start":{"line":51,"column":15},"end":{"line":51,"column":48}},"locations":[{"start":{"line":51,"column":15},"end":{"line":51,"column":48}}]},"11":{"type":"branch","line":51,"loc":{"start":{"line":51,"column":48},"end":{"line":58,"column":13}},"locations":[{"start":{"line":51,"column":48},"end":{"line":58,"column":13}}]},"12":{"type":"branch","line":53,"loc":{"start":{"line":53,"column":16},"end":{"line":53,"column":37}},"locations":[{"start":{"line":53,"column":16},"end":{"line":53,"column":37}}]},"13":{"type":"branch","line":54,"loc":{"start":{"line":54,"column":16},"end":{"line":54,"column":37}},"locations":[{"start":{"line":54,"column":16},"end":{"line":54,"column":37}}]},"14":{"type":"branch","line":55,"loc":{"start":{"line":55,"column":16},"end":{"line":55,"column":37}},"locations":[{"start":{"line":55,"column":16},"end":{"line":55,"column":37}}]},"15":{"type":"branch","line":56,"loc":{"start":{"line":56,"column":16},"end":{"line":56,"column":37}},"locations":[{"start":{"line":56,"column":16},"end":{"line":56,"column":37}}]},"16":{"type":"branch","line":51,"loc":{"start":{"line":51,"column":12},"end":{"line":61,"column":13}},"locations":[{"start":{"line":51,"column":12},"end":{"line":61,"column":13}}]}},"b":{"0":[8],"1":[96],"2":[1524],"3":[6],"4":[9],"5":[92],"6":[1405],"7":[9],"8":[1],"9":[2],"10":[124],"11":[8],"12":[4],"13":[1],"14":[2],"15":[1],"16":[1516]},"fnMap":{"0":{"name":"display","decl":{"start":{"line":34,"column":7},"end":{"line":66,"column":1}},"loc":{"start":{"line":34,"column":7},"end":{"line":66,"column":1}},"line":34}},"f":{"0":8}}
,"/home/rajol/projets6/robot/projetss6-robot-15528/src/game.js": {"path":"/home/rajol/projets6/robot/projetss6-robot-15528/src/game.js","all":false,"statementMap":{"0":{"start":{"line":1,"column":0},"end":{"line":1,"column":38}},"1":{"start":{"line":2,"column":0},"end":{"line":2,"column":2}},"2":{"start":{"line":3,"column":0},"end":{"line":3,"column":49}},"3":{"start":{"line":4,"column":0},"end":{"line":4,"column":26}},"4":{"start":{"line":5,"column":0},"end":{"line":5,"column":29}},"5":{"start":{"line":6,"column":0},"end":{"line":6,"column":29}},"6":{"start":{"line":7,"column":0},"end":{"line":7,"column":14}},"7":{"start":{"line":8,"column":0},"end":{"line":8,"column":29}},"8":{"start":{"line":9,"column":0},"end":{"line":9,"column":14}},"9":{"start":{"line":10,"column":0},"end":{"line":10,"column":29}},"10":{"start":{"line":11,"column":0},"end":{"line":11,"column":14}},"11":{"start":{"line":12,"column":0},"end":{"line":12,"column":29}},"12":{"start":{"line":13,"column":0},"end":{"line":13,"column":14}},"13":{"start":{"line":14,"column":0},"end":{"line":14,"column":5}},"14":{"start":{"line":15,"column":0},"end":{"line":15,"column":18}},"15":{"start":{"line":16,"column":0},"end":{"line":16,"column":1}},"16":{"start":{"line":17,"column":0},"end":{"line":17,"column":0}},"17":{"start":{"line":18,"column":0},"end":{"line":18,"column":49}},"18":{"start":{"line":19,"column":0},"end":{"line":19,"column":24}},"19":{"start":{"line":20,"column":0},"end":{"line":20,"column":42}},"20":{"start":{"line":21,"column":0},"end":{"line":21,"column":18}},"21":{"start":{"line":22,"column":0},"end":{"line":22,"column":1}},"22":{"start":{"line":23,"column":0},"end":{"line":23,"column":0}},"23":{"start":{"line":24,"column":0},"end":{"line":24,"column":47}},"24":{"start":{"line":25,"column":0},"end":{"line":25,"column":23}},"25":{"start":{"line":26,"column":0},"end":{"line":26,"column":42}},"26":{"start":{"line":27,"column":0},"end":{"line":27,"column":18}},"27":{"start":{"line":28,"column":0},"end":{"line":28,"column":1}},"28":{"start":{"line":29,"column":0},"end":{"line":29,"column":0}},"29":{"start":{"line":30,"column":0},"end":{"line":30,"column":0}},"30":{"start":{"line":31,"column":0},"end":{"line":31,"column":50}},"31":{"start":{"line":32,"column":0},"end":{"line":32,"column":36}},"32":{"start":{"line":33,"column":0},"end":{"line":33,"column":47}},"33":{"start":{"line":34,"column":0},"end":{"line":34,"column":31}},"34":{"start":{"line":35,"column":0},"end":{"line":35,"column":38}},"35":{"start":{"line":36,"column":0},"end":{"line":36,"column":1}},"36":{"start":{"line":37,"column":0},"end":{"line":37,"column":0}},"37":{"start":{"line":38,"column":0},"end":{"line":38,"column":0}},"38":{"start":{"line":39,"column":0},"end":{"line":39,"column":0}},"39":{"start":{"line":40,"column":0},"end":{"line":40,"column":68}},"40":{"start":{"line":41,"column":0},"end":{"line":41,"column":32}},"41":{"start":{"line":42,"column":0},"end":{"line":42,"column":21}},"42":{"start":{"line":43,"column":0},"end":{"line":43,"column":136}},"43":{"start":{"line":44,"column":0},"end":{"line":44,"column":138}},"44":{"start":{"line":45,"column":0},"end":{"line":45,"column":136}},"45":{"start":{"line":46,"column":0},"end":{"line":46,"column":32}},"46":{"start":{"line":47,"column":0},"end":{"line":47,"column":5}},"47":{"start":{"line":48,"column":0},"end":{"line":48,"column":13}},"48":{"start":{"line":49,"column":0},"end":{"line":49,"column":1}},"49":{"start":{"line":50,"column":0},"end":{"line":50,"column":0}},"50":{"start":{"line":51,"column":0},"end":{"line":51,"column":0}},"51":{"start":{"line":52,"column":0},"end":{"line":52,"column":64}},"52":{"start":{"line":53,"column":0},"end":{"line":53,"column":31}},"53":{"start":{"line":54,"column":0},"end":{"line":54,"column":34}},"54":{"start":{"line":55,"column":0},"end":{"line":55,"column":97}},"55":{"start":{"line":56,"column":0},"end":{"line":56,"column":17}},"56":{"start":{"line":57,"column":0},"end":{"line":57,"column":5}},"57":{"start":{"line":58,"column":0},"end":{"line":58,"column":13}},"58":{"start":{"line":59,"column":0},"end":{"line":59,"column":1}},"59":{"start":{"line":60,"column":0},"end":{"line":60,"column":0}},"60":{"start":{"line":61,"column":0},"end":{"line":61,"column":0}},"61":{"start":{"line":62,"column":0},"end":{"line":62,"column":52}},"62":{"start":{"line":63,"column":0},"end":{"line":63,"column":32}},"63":{"start":{"line":64,"column":0},"end":{"line":64,"column":39}},"64":{"start":{"line":65,"column":0},"end":{"line":65,"column":17}},"65":{"start":{"line":66,"column":0},"end":{"line":66,"column":5}},"66":{"start":{"line":67,"column":0},"end":{"line":67,"column":13}},"67":{"start":{"line":68,"column":0},"end":{"line":68,"column":1}},"68":{"start":{"line":69,"column":0},"end":{"line":69,"column":0}},"69":{"start":{"line":70,"column":0},"end":{"line":70,"column":0}},"70":{"start":{"line":71,"column":0},"end":{"line":71,"column":59}},"71":{"start":{"line":72,"column":0},"end":{"line":72,"column":29}},"72":{"start":{"line":73,"column":0},"end":{"line":73,"column":21}},"73":{"start":{"line":74,"column":0},"end":{"line":74,"column":33}},"74":{"start":{"line":75,"column":0},"end":{"line":75,"column":14}},"75":{"start":{"line":76,"column":0},"end":{"line":76,"column":32}},"76":{"start":{"line":77,"column":0},"end":{"line":77,"column":14}},"77":{"start":{"line":78,"column":0},"end":{"line":78,"column":30}},"78":{"start":{"line":79,"column":0},"end":{"line":79,"column":14}},"79":{"start":{"line":80,"column":0},"end":{"line":80,"column":44}},"80":{"start":{"line":81,"column":0},"end":{"line":81,"column":14}},"81":{"start":{"line":82,"column":0},"end":{"line":82,"column":45}},"82":{"start":{"line":83,"column":0},"end":{"line":83,"column":14}},"83":{"start":{"line":84,"column":0},"end":{"line":84,"column":46}},"84":{"start":{"line":85,"column":0},"end":{"line":85,"column":14}},"85":{"start":{"line":86,"column":0},"end":{"line":86,"column":12}},"86":{"start":{"line":87,"column":0},"end":{"line":87,"column":14}},"87":{"start":{"line":88,"column":0},"end":{"line":88,"column":5}},"88":{"start":{"line":89,"column":0},"end":{"line":89,"column":1}},"89":{"start":{"line":90,"column":0},"end":{"line":90,"column":0}},"90":{"start":{"line":91,"column":0},"end":{"line":91,"column":0}},"91":{"start":{"line":92,"column":0},"end":{"line":92,"column":0}},"92":{"start":{"line":93,"column":0},"end":{"line":93,"column":59}},"93":{"start":{"line":94,"column":0},"end":{"line":94,"column":42}},"94":{"start":{"line":95,"column":0},"end":{"line":95,"column":31}},"95":{"start":{"line":96,"column":0},"end":{"line":96,"column":28}},"96":{"start":{"line":97,"column":0},"end":{"line":97,"column":5}},"97":{"start":{"line":98,"column":0},"end":{"line":98,"column":18}},"98":{"start":{"line":99,"column":0},"end":{"line":99,"column":1}},"99":{"start":{"line":100,"column":0},"end":{"line":100,"column":0}},"100":{"start":{"line":101,"column":0},"end":{"line":101,"column":0}},"101":{"start":{"line":102,"column":0},"end":{"line":102,"column":58}},"102":{"start":{"line":103,"column":0},"end":{"line":103,"column":26}},"103":{"start":{"line":104,"column":0},"end":{"line":104,"column":35}},"104":{"start":{"line":105,"column":0},"end":{"line":105,"column":33}},"105":{"start":{"line":106,"column":0},"end":{"line":106,"column":33}},"106":{"start":{"line":107,"column":0},"end":{"line":107,"column":33}},"107":{"start":{"line":108,"column":0},"end":{"line":108,"column":33}},"108":{"start":{"line":109,"column":0},"end":{"line":109,"column":33}},"109":{"start":{"line":110,"column":0},"end":{"line":110,"column":12}},"110":{"start":{"line":111,"column":0},"end":{"line":111,"column":23}},"111":{"start":{"line":112,"column":0},"end":{"line":112,"column":5}},"112":{"start":{"line":113,"column":0},"end":{"line":113,"column":1}},"113":{"start":{"line":114,"column":0},"end":{"line":114,"column":0}},"114":{"start":{"line":115,"column":0},"end":{"line":115,"column":0}},"115":{"start":{"line":116,"column":0},"end":{"line":116,"column":0}},"116":{"start":{"line":117,"column":0},"end":{"line":117,"column":74}},"117":{"start":{"line":118,"column":0},"end":{"line":118,"column":22}},"118":{"start":{"line":119,"column":0},"end":{"line":119,"column":89}},"119":{"start":{"line":120,"column":0},"end":{"line":120,"column":93}},"120":{"start":{"line":121,"column":0},"end":{"line":121,"column":192}},"121":{"start":{"line":122,"column":0},"end":{"line":122,"column":44}},"122":{"start":{"line":123,"column":0},"end":{"line":123,"column":17}},"123":{"start":{"line":124,"column":0},"end":{"line":124,"column":5}},"124":{"start":{"line":125,"column":0},"end":{"line":125,"column":55}},"125":{"start":{"line":126,"column":0},"end":{"line":126,"column":57}},"126":{"start":{"line":127,"column":0},"end":{"line":127,"column":17}},"127":{"start":{"line":128,"column":0},"end":{"line":128,"column":5}},"128":{"start":{"line":129,"column":0},"end":{"line":129,"column":27}},"129":{"start":{"line":130,"column":0},"end":{"line":130,"column":54}},"130":{"start":{"line":131,"column":0},"end":{"line":131,"column":17}},"131":{"start":{"line":132,"column":0},"end":{"line":132,"column":5}},"132":{"start":{"line":133,"column":0},"end":{"line":133,"column":35}},"133":{"start":{"line":134,"column":0},"end":{"line":134,"column":45}},"134":{"start":{"line":135,"column":0},"end":{"line":135,"column":17}},"135":{"start":{"line":136,"column":0},"end":{"line":136,"column":5}},"136":{"start":{"line":137,"column":0},"end":{"line":137,"column":13}},"137":{"start":{"line":138,"column":0},"end":{"line":138,"column":1}},"138":{"start":{"line":139,"column":0},"end":{"line":139,"column":0}},"139":{"start":{"line":140,"column":0},"end":{"line":140,"column":26}},"140":{"start":{"line":141,"column":0},"end":{"line":141,"column":18}},"141":{"start":{"line":142,"column":0},"end":{"line":142,"column":75}},"142":{"start":{"line":143,"column":0},"end":{"line":143,"column":98}},"143":{"start":{"line":144,"column":0},"end":{"line":144,"column":41}},"144":{"start":{"line":145,"column":0},"end":{"line":145,"column":33}},"145":{"start":{"line":146,"column":0},"end":{"line":146,"column":23}},"146":{"start":{"line":147,"column":0},"end":{"line":147,"column":5}},"147":{"start":{"line":148,"column":0},"end":{"line":148,"column":69}},"148":{"start":{"line":149,"column":0},"end":{"line":149,"column":45}},"149":{"start":{"line":150,"column":0},"end":{"line":150,"column":25}},"150":{"start":{"line":151,"column":0},"end":{"line":151,"column":51}},"151":{"start":{"line":152,"column":0},"end":{"line":152,"column":0}},"152":{"start":{"line":153,"column":0},"end":{"line":153,"column":14}},"153":{"start":{"line":154,"column":0},"end":{"line":154,"column":74}},"154":{"start":{"line":155,"column":0},"end":{"line":155,"column":54}},"155":{"start":{"line":156,"column":0},"end":{"line":156,"column":56}},"156":{"start":{"line":157,"column":0},"end":{"line":157,"column":13}},"157":{"start":{"line":158,"column":0},"end":{"line":158,"column":16}},"158":{"start":{"line":159,"column":0},"end":{"line":159,"column":17}},"159":{"start":{"line":160,"column":0},"end":{"line":160,"column":9}},"160":{"start":{"line":161,"column":0},"end":{"line":161,"column":5}},"161":{"start":{"line":162,"column":0},"end":{"line":162,"column":55}},"162":{"start":{"line":163,"column":0},"end":{"line":163,"column":10}},"163":{"start":{"line":164,"column":0},"end":{"line":164,"column":21}},"164":{"start":{"line":165,"column":0},"end":{"line":165,"column":23}},"165":{"start":{"line":166,"column":0},"end":{"line":166,"column":5}},"166":{"start":{"line":167,"column":0},"end":{"line":167,"column":4}},"167":{"start":{"line":168,"column":0},"end":{"line":168,"column":4}},"168":{"start":{"line":169,"column":0},"end":{"line":169,"column":1}},"169":{"start":{"line":170,"column":0},"end":{"line":170,"column":0}},"170":{"start":{"line":171,"column":0},"end":{"line":171,"column":0}},"171":{"start":{"line":172,"column":0},"end":{"line":172,"column":39}},"172":{"start":{"line":173,"column":0},"end":{"line":173,"column":24}},"173":{"start":{"line":174,"column":0},"end":{"line":174,"column":248}},"174":{"start":{"line":175,"column":0},"end":{"line":175,"column":61}},"175":{"start":{"line":176,"column":0},"end":{"line":176,"column":80}},"176":{"start":{"line":177,"column":0},"end":{"line":177,"column":54}},"177":{"start":{"line":178,"column":0},"end":{"line":178,"column":54}},"178":{"start":{"line":179,"column":0},"end":{"line":179,"column":54}},"179":{"start":{"line":180,"column":0},"end":{"line":180,"column":9}},"180":{"start":{"line":181,"column":0},"end":{"line":181,"column":61}},"181":{"start":{"line":182,"column":0},"end":{"line":182,"column":28}},"182":{"start":{"line":183,"column":0},"end":{"line":183,"column":5}},"183":{"start":{"line":184,"column":0},"end":{"line":184,"column":1}},"184":{"start":{"line":185,"column":0},"end":{"line":185,"column":0}},"185":{"start":{"line":186,"column":0},"end":{"line":186,"column":86}},"186":{"start":{"line":187,"column":0},"end":{"line":187,"column":33}},"187":{"start":{"line":188,"column":0},"end":{"line":188,"column":71}},"188":{"start":{"line":189,"column":0},"end":{"line":189,"column":18}},"189":{"start":{"line":190,"column":0},"end":{"line":190,"column":22}},"190":{"start":{"line":191,"column":0},"end":{"line":191,"column":1}},"191":{"start":{"line":192,"column":0},"end":{"line":192,"column":0}},"192":{"start":{"line":193,"column":0},"end":{"line":193,"column":0}},"193":{"start":{"line":194,"column":0},"end":{"line":194,"column":87}},"194":{"start":{"line":195,"column":0},"end":{"line":195,"column":35}},"195":{"start":{"line":196,"column":0},"end":{"line":196,"column":27}},"196":{"start":{"line":197,"column":0},"end":{"line":197,"column":20}},"197":{"start":{"line":198,"column":0},"end":{"line":198,"column":13}},"198":{"start":{"line":199,"column":0},"end":{"line":199,"column":1}},"199":{"start":{"line":200,"column":0},"end":{"line":200,"column":0}},"200":{"start":{"line":201,"column":0},"end":{"line":201,"column":37}},"201":{"start":{"line":202,"column":0},"end":{"line":202,"column":18}},"202":{"start":{"line":203,"column":0},"end":{"line":203,"column":25}},"203":{"start":{"line":204,"column":0},"end":{"line":204,"column":16}},"204":{"start":{"line":205,"column":0},"end":{"line":205,"column":4}},"205":{"start":{"line":206,"column":0},"end":{"line":206,"column":34}},"206":{"start":{"line":207,"column":0},"end":{"line":207,"column":32}},"207":{"start":{"line":208,"column":0},"end":{"line":208,"column":5}},"208":{"start":{"line":209,"column":0},"end":{"line":209,"column":0}},"209":{"start":{"line":210,"column":0},"end":{"line":210,"column":26}},"210":{"start":{"line":211,"column":0},"end":{"line":211,"column":32}},"211":{"start":{"line":212,"column":0},"end":{"line":212,"column":33}},"212":{"start":{"line":213,"column":0},"end":{"line":213,"column":5}},"213":{"start":{"line":214,"column":0},"end":{"line":214,"column":4}},"214":{"start":{"line":215,"column":0},"end":{"line":215,"column":0}},"215":{"start":{"line":216,"column":0},"end":{"line":216,"column":0}},"216":{"start":{"line":217,"column":0},"end":{"line":217,"column":1}},"217":{"start":{"line":218,"column":0},"end":{"line":218,"column":175}}},"s":{"0":1,"1":1,"2":1,"3":8,"4":8,"5":8,"6":4,"7":8,"8":1,"9":8,"10":1,"11":8,"12":1,"13":8,"14":8,"15":8,"16":1,"17":1,"18":2,"19":2,"20":2,"21":2,"22":1,"23":1,"24":5,"25":5,"26":5,"27":5,"28":1,"29":1,"30":1,"31":5,"32":5,"33":5,"34":5,"35":5,"36":1,"37":1,"38":1,"39":1,"40":8,"41":8,"42":1,"43":1,"44":1,"45":1,"46":1,"47":1,"48":1,"49":1,"50":1,"51":1,"52":8,"53":8,"54":8,"55":2,"56":2,"57":6,"58":6,"59":1,"60":1,"61":1,"62":8,"63":8,"64":3,"65":3,"66":5,"67":5,"68":1,"69":1,"70":1,"71":11,"72":11,"73":11,"74":3,"75":11,"76":1,"77":11,"78":2,"79":11,"80":2,"81":11,"82":1,"83":11,"84":1,"85":11,"86":1,"87":11,"88":11,"89":1,"90":1,"91":1,"92":1,"93":3,"94":3,"95":3,"96":3,"97":3,"98":3,"99":1,"100":1,"101":1,"102":4,"103":4,"104":4,"105":4,"106":4,"107":4,"108":4,"109":4,"110":4,"111":4,"112":4,"113":1,"114":1,"115":1,"116":1,"117":8,"118":8,"119":8,"120":8,"121":0,"122":0,"123":0,"124":8,"125":1,"126":1,"127":1,"128":8,"129":0,"130":0,"131":0,"132":8,"133":0,"134":0,"135":0,"136":7,"137":7,"138":1,"139":1,"140":6,"141":6,"142":6,"143":5,"144":5,"145":5,"146":5,"147":5,"148":5,"149":3,"150":3,"151":3,"152":3,"153":3,"154":3,"155":3,"156":3,"157":3,"158":3,"159":3,"160":3,"161":3,"162":3,"163":3,"164":3,"165":3,"166":6,"167":6,"168":6,"169":1,"170":1,"171":1,"172":4,"173":4,"174":2,"175":2,"176":2,"177":2,"178":2,"179":2,"180":2,"181":2,"182":2,"183":4,"184":1,"185":1,"186":2,"187":2,"188":2,"189":2,"190":2,"191":1,"192":1,"193":1,"194":1,"195":1,"196":1,"197":1,"198":1,"199":1,"200":1,"201":2,"202":2,"203":2,"204":2,"205":2,"206":0,"207":0,"208":2,"209":2,"210":0,"211":0,"212":0,"213":2,"214":2,"215":2,"216":2,"217":1},"branchMap":{"0":{"type":"branch","line":4,"loc":{"start":{"line":4,"column":0},"end":{"line":16,"column":1}},"locations":[{"start":{"line":4,"column":0},"end":{"line":16,"column":1}}]},"1":{"type":"branch","line":6,"loc":{"start":{"line":6,"column":4},"end":{"line":7,"column":14}},"locations":[{"start":{"line":6,"column":4},"end":{"line":7,"column":14}}]},"2":{"type":"branch","line":8,"loc":{"start":{"line":8,"column":4},"end":{"line":9,"column":14}},"locations":[{"start":{"line":8,"column":4},"end":{"line":9,"column":14}}]},"3":{"type":"branch","line":10,"loc":{"start":{"line":10,"column":4},"end":{"line":11,"column":14}},"locations":[{"start":{"line":10,"column":4},"end":{"line":11,"column":14}}]},"4":{"type":"branch","line":12,"loc":{"start":{"line":12,"column":4},"end":{"line":13,"column":14}},"locations":[{"start":{"line":12,"column":4},"end":{"line":13,"column":14}}]},"5":{"type":"branch","line":19,"loc":{"start":{"line":19,"column":0},"end":{"line":22,"column":1}},"locations":[{"start":{"line":19,"column":0},"end":{"line":22,"column":1}}]},"6":{"type":"branch","line":25,"loc":{"start":{"line":25,"column":0},"end":{"line":28,"column":1}},"locations":[{"start":{"line":25,"column":0},"end":{"line":28,"column":1}}]},"7":{"type":"branch","line":32,"loc":{"start":{"line":32,"column":0},"end":{"line":36,"column":1}},"locations":[{"start":{"line":32,"column":0},"end":{"line":36,"column":1}}]},"8":{"type":"branch","line":41,"loc":{"start":{"line":41,"column":0},"end":{"line":49,"column":1}},"locations":[{"start":{"line":41,"column":0},"end":{"line":49,"column":1}}]},"9":{"type":"branch","line":43,"loc":{"start":{"line":43,"column":4},"end":{"line":43,"column":23}},"locations":[{"start":{"line":43,"column":4},"end":{"line":43,"column":23}}]},"10":{"type":"branch","line":44,"loc":{"start":{"line":44,"column":4},"end":{"line":44,"column":25}},"locations":[{"start":{"line":44,"column":4},"end":{"line":44,"column":25}}]},"11":{"type":"branch","line":45,"loc":{"start":{"line":45,"column":4},"end":{"line":45,"column":24}},"locations":[{"start":{"line":45,"column":4},"end":{"line":45,"column":24}}]},"12":{"type":"branch","line":46,"loc":{"start":{"line":46,"column":4},"end":{"line":46,"column":28}},"locations":[{"start":{"line":46,"column":4},"end":{"line":46,"column":28}}]},"13":{"type":"branch","line":42,"loc":{"start":{"line":42,"column":4},"end":{"line":49,"column":1}},"locations":[{"start":{"line":42,"column":4},"end":{"line":49,"column":1}}]},"14":{"type":"branch","line":53,"loc":{"start":{"line":53,"column":0},"end":{"line":59,"column":1}},"locations":[{"start":{"line":53,"column":0},"end":{"line":59,"column":1}}]},"15":{"type":"branch","line":55,"loc":{"start":{"line":55,"column":8},"end":{"line":55,"column":44}},"locations":[{"start":{"line":55,"column":8},"end":{"line":55,"column":44}}]},"16":{"type":"branch","line":55,"loc":{"start":{"line":55,"column":8},"end":{"line":55,"column":62}},"locations":[{"start":{"line":55,"column":8},"end":{"line":55,"column":62}}]},"17":{"type":"branch","line":55,"loc":{"start":{"line":55,"column":8},"end":{"line":55,"column":80}},"locations":[{"start":{"line":55,"column":8},"end":{"line":55,"column":80}}]},"18":{"type":"branch","line":55,"loc":{"start":{"line":55,"column":8},"end":{"line":55,"column":96}},"locations":[{"start":{"line":55,"column":8},"end":{"line":55,"column":96}}]},"19":{"type":"branch","line":55,"loc":{"start":{"line":55,"column":96},"end":{"line":57,"column":5}},"locations":[{"start":{"line":55,"column":96},"end":{"line":57,"column":5}}]},"20":{"type":"branch","line":58,"loc":{"start":{"line":58,"column":-1},"end":{"line":59,"column":1}},"locations":[{"start":{"line":58,"column":-1},"end":{"line":59,"column":1}}]},"21":{"type":"branch","line":63,"loc":{"start":{"line":63,"column":0},"end":{"line":68,"column":1}},"locations":[{"start":{"line":63,"column":0},"end":{"line":68,"column":1}}]},"22":{"type":"branch","line":64,"loc":{"start":{"line":64,"column":38},"end":{"line":66,"column":5}},"locations":[{"start":{"line":64,"column":38},"end":{"line":66,"column":5}}]},"23":{"type":"branch","line":67,"loc":{"start":{"line":67,"column":-1},"end":{"line":68,"column":1}},"locations":[{"start":{"line":67,"column":-1},"end":{"line":68,"column":1}}]},"24":{"type":"branch","line":72,"loc":{"start":{"line":72,"column":0},"end":{"line":89,"column":1}},"locations":[{"start":{"line":72,"column":0},"end":{"line":89,"column":1}}]},"25":{"type":"branch","line":74,"loc":{"start":{"line":74,"column":4},"end":{"line":75,"column":14}},"locations":[{"start":{"line":74,"column":4},"end":{"line":75,"column":14}}]},"26":{"type":"branch","line":76,"loc":{"start":{"line":76,"column":4},"end":{"line":77,"column":14}},"locations":[{"start":{"line":76,"column":4},"end":{"line":77,"column":14}}]},"27":{"type":"branch","line":78,"loc":{"start":{"line":78,"column":4},"end":{"line":79,"column":14}},"locations":[{"start":{"line":78,"column":4},"end":{"line":79,"column":14}}]},"28":{"type":"branch","line":80,"loc":{"start":{"line":80,"column":4},"end":{"line":81,"column":14}},"locations":[{"start":{"line":80,"column":4},"end":{"line":81,"column":14}}]},"29":{"type":"branch","line":82,"loc":{"start":{"line":82,"column":4},"end":{"line":83,"column":14}},"locations":[{"start":{"line":82,"column":4},"end":{"line":83,"column":14}}]},"30":{"type":"branch","line":84,"loc":{"start":{"line":84,"column":4},"end":{"line":85,"column":14}},"locations":[{"start":{"line":84,"column":4},"end":{"line":85,"column":14}}]},"31":{"type":"branch","line":86,"loc":{"start":{"line":86,"column":4},"end":{"line":87,"column":14}},"locations":[{"start":{"line":86,"column":4},"end":{"line":87,"column":14}}]},"32":{"type":"branch","line":94,"loc":{"start":{"line":94,"column":0},"end":{"line":99,"column":1}},"locations":[{"start":{"line":94,"column":0},"end":{"line":99,"column":1}}]},"33":{"type":"branch","line":103,"loc":{"start":{"line":103,"column":0},"end":{"line":113,"column":1}},"locations":[{"start":{"line":103,"column":0},"end":{"line":113,"column":1}}]},"34":{"type":"branch","line":105,"loc":{"start":{"line":105,"column":4},"end":{"line":105,"column":26}},"locations":[{"start":{"line":105,"column":4},"end":{"line":105,"column":26}}]},"35":{"type":"branch","line":106,"loc":{"start":{"line":106,"column":4},"end":{"line":106,"column":26}},"locations":[{"start":{"line":106,"column":4},"end":{"line":106,"column":26}}]},"36":{"type":"branch","line":107,"loc":{"start":{"line":107,"column":4},"end":{"line":107,"column":26}},"locations":[{"start":{"line":107,"column":4},"end":{"line":107,"column":26}}]},"37":{"type":"branch","line":108,"loc":{"start":{"line":108,"column":4},"end":{"line":108,"column":26}},"locations":[{"start":{"line":108,"column":4},"end":{"line":108,"column":26}}]},"38":{"type":"branch","line":109,"loc":{"start":{"line":109,"column":4},"end":{"line":109,"column":26}},"locations":[{"start":{"line":109,"column":4},"end":{"line":109,"column":26}}]},"39":{"type":"branch","line":110,"loc":{"start":{"line":110,"column":4},"end":{"line":111,"column":15}},"locations":[{"start":{"line":110,"column":4},"end":{"line":111,"column":15}}]},"40":{"type":"branch","line":118,"loc":{"start":{"line":118,"column":0},"end":{"line":138,"column":1}},"locations":[{"start":{"line":118,"column":0},"end":{"line":138,"column":1}}]},"41":{"type":"branch","line":121,"loc":{"start":{"line":121,"column":191},"end":{"line":124,"column":5}},"locations":[{"start":{"line":121,"column":191},"end":{"line":124,"column":5}}]},"42":{"type":"branch","line":125,"loc":{"start":{"line":125,"column":8},"end":{"line":125,"column":54}},"locations":[{"start":{"line":125,"column":8},"end":{"line":125,"column":54}}]},"43":{"type":"branch","line":125,"loc":{"start":{"line":125,"column":54},"end":{"line":128,"column":5}},"locations":[{"start":{"line":125,"column":54},"end":{"line":128,"column":5}}]},"44":{"type":"branch","line":129,"loc":{"start":{"line":129,"column":-1},"end":{"line":129,"column":8}},"locations":[{"start":{"line":129,"column":-1},"end":{"line":129,"column":8}}]},"45":{"type":"branch","line":129,"loc":{"start":{"line":129,"column":26},"end":{"line":132,"column":5}},"locations":[{"start":{"line":129,"column":26},"end":{"line":132,"column":5}}]},"46":{"type":"branch","line":133,"loc":{"start":{"line":133,"column":-1},"end":{"line":133,"column":8}},"locations":[{"start":{"line":133,"column":-1},"end":{"line":133,"column":8}}]},"47":{"type":"branch","line":133,"loc":{"start":{"line":133,"column":34},"end":{"line":136,"column":5}},"locations":[{"start":{"line":133,"column":34},"end":{"line":136,"column":5}}]},"48":{"type":"branch","line":137,"loc":{"start":{"line":137,"column":-1},"end":{"line":138,"column":1}},"locations":[{"start":{"line":137,"column":-1},"end":{"line":138,"column":1}}]},"49":{"type":"branch","line":141,"loc":{"start":{"line":141,"column":0},"end":{"line":169,"column":1}},"locations":[{"start":{"line":141,"column":0},"end":{"line":169,"column":1}}]},"50":{"type":"branch","line":143,"loc":{"start":{"line":143,"column":7},"end":{"line":143,"column":49}},"locations":[{"start":{"line":143,"column":7},"end":{"line":143,"column":49}}]},"51":{"type":"branch","line":143,"loc":{"start":{"line":143,"column":97},"end":{"line":147,"column":5}},"locations":[{"start":{"line":143,"column":97},"end":{"line":147,"column":5}}]},"52":{"type":"branch","line":143,"loc":{"start":{"line":143,"column":4},"end":{"line":166,"column":5}},"locations":[{"start":{"line":143,"column":4},"end":{"line":166,"column":5}}]},"53":{"type":"branch","line":149,"loc":{"start":{"line":149,"column":44},"end":{"line":161,"column":5}},"locations":[{"start":{"line":149,"column":44},"end":{"line":161,"column":5}}]},"54":{"type":"branch","line":151,"loc":{"start":{"line":151,"column":36},"end":{"line":160,"column":9}},"locations":[{"start":{"line":151,"column":36},"end":{"line":160,"column":9}}]},"55":{"type":"branch","line":154,"loc":{"start":{"line":154,"column":12},"end":{"line":159,"column":9}},"locations":[{"start":{"line":154,"column":12},"end":{"line":159,"column":9}}]},"56":{"type":"branch","line":149,"loc":{"start":{"line":149,"column":9},"end":{"line":166,"column":5}},"locations":[{"start":{"line":149,"column":9},"end":{"line":166,"column":5}}]},"57":{"type":"branch","line":173,"loc":{"start":{"line":173,"column":0},"end":{"line":184,"column":1}},"locations":[{"start":{"line":173,"column":0},"end":{"line":184,"column":1}}]},"58":{"type":"branch","line":174,"loc":{"start":{"line":174,"column":28},"end":{"line":174,"column":247}},"locations":[{"start":{"line":174,"column":28},"end":{"line":174,"column":247}}]},"59":{"type":"branch","line":174,"loc":{"start":{"line":174,"column":247},"end":{"line":183,"column":5}},"locations":[{"start":{"line":174,"column":247},"end":{"line":183,"column":5}}]},"60":{"type":"branch","line":177,"loc":{"start":{"line":177,"column":8},"end":{"line":177,"column":54}},"locations":[{"start":{"line":177,"column":8},"end":{"line":177,"column":54}}]},"61":{"type":"branch","line":178,"loc":{"start":{"line":178,"column":8},"end":{"line":178,"column":54}},"locations":[{"start":{"line":178,"column":8},"end":{"line":178,"column":54}}]},"62":{"type":"branch","line":179,"loc":{"start":{"line":179,"column":8},"end":{"line":179,"column":54}},"locations":[{"start":{"line":179,"column":8},"end":{"line":179,"column":54}}]},"63":{"type":"branch","line":187,"loc":{"start":{"line":187,"column":0},"end":{"line":191,"column":1}},"locations":[{"start":{"line":187,"column":0},"end":{"line":191,"column":1}}]},"64":{"type":"branch","line":195,"loc":{"start":{"line":195,"column":0},"end":{"line":199,"column":1}},"locations":[{"start":{"line":195,"column":0},"end":{"line":199,"column":1}}]},"65":{"type":"branch","line":202,"loc":{"start":{"line":202,"column":0},"end":{"line":217,"column":1}},"locations":[{"start":{"line":202,"column":0},"end":{"line":217,"column":1}}]},"66":{"type":"branch","line":206,"loc":{"start":{"line":206,"column":33},"end":{"line":208,"column":5}},"locations":[{"start":{"line":206,"column":33},"end":{"line":208,"column":5}}]},"67":{"type":"branch","line":210,"loc":{"start":{"line":210,"column":25},"end":{"line":213,"column":5}},"locations":[{"start":{"line":210,"column":25},"end":{"line":213,"column":5}}]}},"b":{"0":[8],"1":[4],"2":[1],"3":[1],"4":[1],"5":[2],"6":[5],"7":[5],"8":[8],"9":[1],"10":[1],"11":[0],"12":[5],"13":[1],"14":[8],"15":[6],"16":[6],"17":[6],"18":[6],"19":[2],"20":[6],"21":[8],"22":[3],"23":[5],"24":[11],"25":[3],"26":[1],"27":[2],"28":[2],"29":[1],"30":[1],"31":[1],"32":[3],"33":[4],"34":[2],"35":[1],"36":[1],"37":[0],"38":[0],"39":[0],"40":[8],"41":[0],"42":[1],"43":[1],"44":[7],"45":[0],"46":[7],"47":[0],"48":[7],"49":[6],"50":[1],"51":[1],"52":[5],"53":[2],"54":[1],"55":[0],"56":[3],"57":[4],"58":[3],"59":[2],"60":[1],"61":[0],"62":[1],"63":[2],"64":[1],"65":[2],"66":[0],"67":[0]},"fnMap":{"0":{"name":"forward","decl":{"start":{"line":4,"column":0},"end":{"line":16,"column":1}},"loc":{"start":{"line":4,"column":0},"end":{"line":16,"column":1}},"line":4},"1":{"name":"right","decl":{"start":{"line":19,"column":0},"end":{"line":22,"column":1}},"loc":{"start":{"line":19,"column":0},"end":{"line":22,"column":1}},"line":19},"2":{"name":"left","decl":{"start":{"line":25,"column":0},"end":{"line":28,"column":1}},"loc":{"start":{"line":25,"column":0},"end":{"line":28,"column":1}},"line":25},"3":{"name":"turnToColor","decl":{"start":{"line":32,"column":0},"end":{"line":36,"column":1}},"loc":{"start":{"line":32,"column":0},"end":{"line":36,"column":1}},"line":32},"4":{"name":"predicat","decl":{"start":{"line":41,"column":0},"end":{"line":49,"column":1}},"loc":{"start":{"line":41,"column":0},"end":{"line":49,"column":1}},"line":41},"5":{"name":"pc_is_call","decl":{"start":{"line":53,"column":0},"end":{"line":59,"column":1}},"loc":{"start":{"line":53,"column":0},"end":{"line":59,"column":1}},"line":53},"6":{"name":"pc_is_limit","decl":{"start":{"line":63,"column":0},"end":{"line":68,"column":1}},"loc":{"start":{"line":63,"column":0},"end":{"line":68,"column":1}},"line":63},"7":{"name":"action","decl":{"start":{"line":72,"column":0},"end":{"line":89,"column":1}},"loc":{"start":{"line":72,"column":0},"end":{"line":89,"column":1}},"line":72},"8":{"name":"executeInstOnPuzzle","decl":{"start":{"line":94,"column":0},"end":{"line":99,"column":1}},"loc":{"start":{"line":94,"column":0},"end":{"line":99,"column":1}},"line":94},"9":{"name":"newPC","decl":{"start":{"line":103,"column":0},"end":{"line":113,"column":1}},"loc":{"start":{"line":103,"column":0},"end":{"line":113,"column":1}},"line":103},"10":{"name":"gameOver","decl":{"start":{"line":118,"column":0},"end":{"line":138,"column":1}},"loc":{"start":{"line":118,"column":0},"end":{"line":138,"column":1}},"line":118},"11":{"name":"step","decl":{"start":{"line":141,"column":0},"end":{"line":169,"column":1}},"loc":{"start":{"line":141,"column":0},"end":{"line":169,"column":1}},"line":141},"12":{"name":"removeStar","decl":{"start":{"line":173,"column":0},"end":{"line":184,"column":1}},"loc":{"start":{"line":173,"column":0},"end":{"line":184,"column":1}},"line":173},"13":{"name":"executeProgOnPuzzle","decl":{"start":{"line":187,"column":0},"end":{"line":191,"column":1}},"loc":{"start":{"line":187,"column":0},"end":{"line":191,"column":1}},"line":187},"14":{"name":"moveRobot","decl":{"start":{"line":195,"column":0},"end":{"line":199,"column":1}},"loc":{"start":{"line":195,"column":0},"end":{"line":199,"column":1}},"line":195},"15":{"name":"term","decl":{"start":{"line":202,"column":0},"end":{"line":217,"column":1}},"loc":{"start":{"line":202,"column":0},"end":{"line":217,"column":1}},"line":202}},"f":{"0":8,"1":2,"2":5,"3":5,"4":8,"5":8,"6":8,"7":11,"8":3,"9":4,"10":8,"11":6,"12":4,"13":2,"14":1,"15":2}}
,"/home/rajol/projets6/robot/projetss6-robot-15528/src/puzzles.js": {"path":"/home/rajol/projets6/robot/projetss6-robot-15528/src/puzzles.js","all":false,"statementMap":{"0":{"start":{"line":1,"column":0},"end":{"line":1,"column":23}},"1":{"start":{"line":2,"column":0},"end":{"line":2,"column":0}},"2":{"start":{"line":3,"column":0},"end":{"line":3,"column":15}},"3":{"start":{"line":4,"column":0},"end":{"line":4,"column":5}},"4":{"start":{"line":5,"column":0},"end":{"line":5,"column":9}},"5":{"start":{"line":6,"column":0},"end":{"line":6,"column":20}},"6":{"start":{"line":7,"column":0},"end":{"line":7,"column":12}},"7":{"start":{"line":8,"column":0},"end":{"line":8,"column":13}},"8":{"start":{"line":9,"column":0},"end":{"line":9,"column":15}},"9":{"start":{"line":10,"column":0},"end":{"line":10,"column":15}},"10":{"start":{"line":11,"column":0},"end":{"line":11,"column":15}},"11":{"start":{"line":12,"column":0},"end":{"line":12,"column":21}},"12":{"start":{"line":13,"column":0},"end":{"line":13,"column":4}},"13":{"start":{"line":14,"column":0},"end":{"line":14,"column":30}},"14":{"start":{"line":15,"column":0},"end":{"line":15,"column":30}},"15":{"start":{"line":16,"column":0},"end":{"line":16,"column":30}},"16":{"start":{"line":17,"column":0},"end":{"line":17,"column":30}},"17":{"start":{"line":18,"column":0},"end":{"line":18,"column":30}},"18":{"start":{"line":19,"column":0},"end":{"line":19,"column":30}},"19":{"start":{"line":20,"column":0},"end":{"line":20,"column":30}},"20":{"start":{"line":21,"column":0},"end":{"line":21,"column":30}},"21":{"start":{"line":22,"column":0},"end":{"line":22,"column":30}},"22":{"start":{"line":23,"column":0},"end":{"line":23,"column":30}},"23":{"start":{"line":24,"column":0},"end":{"line":24,"column":30}},"24":{"start":{"line":25,"column":0},"end":{"line":25,"column":30}},"25":{"start":{"line":26,"column":0},"end":{"line":26,"column":4}},"26":{"start":{"line":27,"column":0},"end":{"line":27,"column":2}},"27":{"start":{"line":28,"column":0},"end":{"line":28,"column":1}},"28":{"start":{"line":29,"column":0},"end":{"line":29,"column":9}},"29":{"start":{"line":30,"column":0},"end":{"line":30,"column":12}},"30":{"start":{"line":31,"column":0},"end":{"line":31,"column":20}},"31":{"start":{"line":32,"column":0},"end":{"line":32,"column":13}},"32":{"start":{"line":33,"column":0},"end":{"line":33,"column":15}},"33":{"start":{"line":34,"column":0},"end":{"line":34,"column":15}},"34":{"start":{"line":35,"column":0},"end":{"line":35,"column":15}},"35":{"start":{"line":36,"column":0},"end":{"line":36,"column":21}},"36":{"start":{"line":37,"column":0},"end":{"line":37,"column":4}},"37":{"start":{"line":38,"column":0},"end":{"line":38,"column":31}},"38":{"start":{"line":39,"column":0},"end":{"line":39,"column":12}},"39":{"start":{"line":40,"column":0},"end":{"line":40,"column":31}},"40":{"start":{"line":41,"column":0},"end":{"line":41,"column":31}},"41":{"start":{"line":42,"column":0},"end":{"line":42,"column":31}},"42":{"start":{"line":43,"column":0},"end":{"line":43,"column":31}},"43":{"start":{"line":44,"column":0},"end":{"line":44,"column":32}},"44":{"start":{"line":45,"column":0},"end":{"line":45,"column":31}},"45":{"start":{"line":46,"column":0},"end":{"line":46,"column":31}},"46":{"start":{"line":47,"column":0},"end":{"line":47,"column":31}},"47":{"start":{"line":48,"column":0},"end":{"line":48,"column":31}},"48":{"start":{"line":49,"column":0},"end":{"line":49,"column":31}},"49":{"start":{"line":50,"column":0},"end":{"line":50,"column":31}},"50":{"start":{"line":51,"column":0},"end":{"line":51,"column":4}},"51":{"start":{"line":52,"column":0},"end":{"line":52,"column":2}},"52":{"start":{"line":53,"column":0},"end":{"line":53,"column":1}},"53":{"start":{"line":54,"column":0},"end":{"line":54,"column":9}},"54":{"start":{"line":55,"column":0},"end":{"line":55,"column":12}},"55":{"start":{"line":56,"column":0},"end":{"line":56,"column":20}},"56":{"start":{"line":57,"column":0},"end":{"line":57,"column":13}},"57":{"start":{"line":58,"column":0},"end":{"line":58,"column":15}},"58":{"start":{"line":59,"column":0},"end":{"line":59,"column":15}},"59":{"start":{"line":60,"column":0},"end":{"line":60,"column":15}},"60":{"start":{"line":61,"column":0},"end":{"line":61,"column":21}},"61":{"start":{"line":62,"column":0},"end":{"line":62,"column":4}},"62":{"start":{"line":63,"column":0},"end":{"line":63,"column":31}},"63":{"start":{"line":64,"column":0},"end":{"line":64,"column":12}},"64":{"start":{"line":65,"column":0},"end":{"line":65,"column":31}},"65":{"start":{"line":66,"column":0},"end":{"line":66,"column":31}},"66":{"start":{"line":67,"column":0},"end":{"line":67,"column":31}},"67":{"start":{"line":68,"column":0},"end":{"line":68,"column":31}},"68":{"start":{"line":69,"column":0},"end":{"line":69,"column":31}},"69":{"start":{"line":70,"column":0},"end":{"line":70,"column":31}},"70":{"start":{"line":71,"column":0},"end":{"line":71,"column":31}},"71":{"start":{"line":72,"column":0},"end":{"line":72,"column":31}},"72":{"start":{"line":73,"column":0},"end":{"line":73,"column":31}},"73":{"start":{"line":74,"column":0},"end":{"line":74,"column":31}},"74":{"start":{"line":75,"column":0},"end":{"line":75,"column":31}},"75":{"start":{"line":76,"column":0},"end":{"line":76,"column":4}},"76":{"start":{"line":77,"column":0},"end":{"line":77,"column":2}},"77":{"start":{"line":78,"column":0},"end":{"line":78,"column":1}},"78":{"start":{"line":79,"column":0},"end":{"line":79,"column":9}},"79":{"start":{"line":80,"column":0},"end":{"line":80,"column":16}},"80":{"start":{"line":81,"column":0},"end":{"line":81,"column":12}},"81":{"start":{"line":82,"column":0},"end":{"line":82,"column":13}},"82":{"start":{"line":83,"column":0},"end":{"line":83,"column":16}},"83":{"start":{"line":84,"column":0},"end":{"line":84,"column":15}},"84":{"start":{"line":85,"column":0},"end":{"line":85,"column":15}},"85":{"start":{"line":86,"column":0},"end":{"line":86,"column":21}},"86":{"start":{"line":87,"column":0},"end":{"line":87,"column":22}},"87":{"start":{"line":88,"column":0},"end":{"line":88,"column":31}},"88":{"start":{"line":89,"column":0},"end":{"line":89,"column":31}},"89":{"start":{"line":90,"column":0},"end":{"line":90,"column":31}},"90":{"start":{"line":91,"column":0},"end":{"line":91,"column":31}},"91":{"start":{"line":92,"column":0},"end":{"line":92,"column":31}},"92":{"start":{"line":93,"column":0},"end":{"line":93,"column":31}},"93":{"start":{"line":94,"column":0},"end":{"line":94,"column":31}},"94":{"start":{"line":95,"column":0},"end":{"line":95,"column":31}},"95":{"start":{"line":96,"column":0},"end":{"line":96,"column":31}},"96":{"start":{"line":97,"column":0},"end":{"line":97,"column":31}},"97":{"start":{"line":98,"column":0},"end":{"line":98,"column":31}},"98":{"start":{"line":99,"column":0},"end":{"line":99,"column":32}},"99":{"start":{"line":100,"column":0},"end":{"line":100,"column":2}},"100":{"start":{"line":101,"column":0},"end":{"line":101,"column":5}},"101":{"start":{"line":102,"column":0},"end":{"line":102,"column":11}},"102":{"start":{"line":103,"column":0},"end":{"line":103,"column":27}},"103":{"start":{"line":104,"column":0},"end":{"line":104,"column":12}},"104":{"start":{"line":105,"column":0},"end":{"line":105,"column":13}},"105":{"start":{"line":106,"column":0},"end":{"line":106,"column":15}},"106":{"start":{"line":107,"column":0},"end":{"line":107,"column":16}},"107":{"start":{"line":108,"column":0},"end":{"line":108,"column":15}},"108":{"start":{"line":109,"column":0},"end":{"line":109,"column":21}},"109":{"start":{"line":110,"column":0},"end":{"line":110,"column":22}},"110":{"start":{"line":111,"column":0},"end":{"line":111,"column":11}},"111":{"start":{"line":112,"column":0},"end":{"line":112,"column":31}},"112":{"start":{"line":113,"column":0},"end":{"line":113,"column":31}},"113":{"start":{"line":114,"column":0},"end":{"line":114,"column":31}},"114":{"start":{"line":115,"column":0},"end":{"line":115,"column":31}},"115":{"start":{"line":116,"column":0},"end":{"line":116,"column":31}},"116":{"start":{"line":117,"column":0},"end":{"line":117,"column":31}},"117":{"start":{"line":118,"column":0},"end":{"line":118,"column":31}},"118":{"start":{"line":119,"column":0},"end":{"line":119,"column":31}},"119":{"start":{"line":120,"column":0},"end":{"line":120,"column":31}},"120":{"start":{"line":121,"column":0},"end":{"line":121,"column":31}},"121":{"start":{"line":122,"column":0},"end":{"line":122,"column":31}},"122":{"start":{"line":123,"column":0},"end":{"line":123,"column":31}},"123":{"start":{"line":124,"column":0},"end":{"line":124,"column":2}},"124":{"start":{"line":125,"column":0},"end":{"line":125,"column":1}},"125":{"start":{"line":126,"column":0},"end":{"line":126,"column":11}},"126":{"start":{"line":127,"column":0},"end":{"line":127,"column":25}},"127":{"start":{"line":128,"column":0},"end":{"line":128,"column":13}},"128":{"start":{"line":129,"column":0},"end":{"line":129,"column":15}},"129":{"start":{"line":130,"column":0},"end":{"line":130,"column":15}},"130":{"start":{"line":131,"column":0},"end":{"line":131,"column":15}},"131":{"start":{"line":132,"column":0},"end":{"line":132,"column":12}},"132":{"start":{"line":133,"column":0},"end":{"line":133,"column":21}},"133":{"start":{"line":134,"column":0},"end":{"line":134,"column":22}},"134":{"start":{"line":135,"column":0},"end":{"line":135,"column":31}},"135":{"start":{"line":136,"column":0},"end":{"line":136,"column":31}},"136":{"start":{"line":137,"column":0},"end":{"line":137,"column":31}},"137":{"start":{"line":138,"column":0},"end":{"line":138,"column":31}},"138":{"start":{"line":139,"column":0},"end":{"line":139,"column":31}},"139":{"start":{"line":140,"column":0},"end":{"line":140,"column":31}},"140":{"start":{"line":141,"column":0},"end":{"line":141,"column":31}},"141":{"start":{"line":142,"column":0},"end":{"line":142,"column":31}},"142":{"start":{"line":143,"column":0},"end":{"line":143,"column":31}},"143":{"start":{"line":144,"column":0},"end":{"line":144,"column":31}},"144":{"start":{"line":145,"column":0},"end":{"line":145,"column":31}},"145":{"start":{"line":146,"column":0},"end":{"line":146,"column":32}},"146":{"start":{"line":147,"column":0},"end":{"line":147,"column":2}},"147":{"start":{"line":148,"column":0},"end":{"line":148,"column":6}},"148":{"start":{"line":149,"column":0},"end":{"line":149,"column":11}},"149":{"start":{"line":150,"column":0},"end":{"line":150,"column":25}},"150":{"start":{"line":151,"column":0},"end":{"line":151,"column":13}},"151":{"start":{"line":152,"column":0},"end":{"line":152,"column":13}},"152":{"start":{"line":153,"column":0},"end":{"line":153,"column":15}},"153":{"start":{"line":154,"column":0},"end":{"line":154,"column":15}},"154":{"start":{"line":155,"column":0},"end":{"line":155,"column":15}},"155":{"start":{"line":156,"column":0},"end":{"line":156,"column":21}},"156":{"start":{"line":157,"column":0},"end":{"line":157,"column":4}},"157":{"start":{"line":158,"column":0},"end":{"line":158,"column":30}},"158":{"start":{"line":159,"column":0},"end":{"line":159,"column":30}},"159":{"start":{"line":160,"column":0},"end":{"line":160,"column":30}},"160":{"start":{"line":161,"column":0},"end":{"line":161,"column":30}},"161":{"start":{"line":162,"column":0},"end":{"line":162,"column":30}},"162":{"start":{"line":163,"column":0},"end":{"line":163,"column":30}},"163":{"start":{"line":164,"column":0},"end":{"line":164,"column":30}},"164":{"start":{"line":165,"column":0},"end":{"line":165,"column":30}},"165":{"start":{"line":166,"column":0},"end":{"line":166,"column":30}},"166":{"start":{"line":167,"column":0},"end":{"line":167,"column":30}},"167":{"start":{"line":168,"column":0},"end":{"line":168,"column":30}},"168":{"start":{"line":169,"column":0},"end":{"line":169,"column":30}},"169":{"start":{"line":170,"column":0},"end":{"line":170,"column":4}},"170":{"start":{"line":171,"column":0},"end":{"line":171,"column":2}},"171":{"start":{"line":172,"column":0},"end":{"line":172,"column":6}},"172":{"start":{"line":173,"column":0},"end":{"line":173,"column":10}},"173":{"start":{"line":174,"column":0},"end":{"line":174,"column":36}},"174":{"start":{"line":175,"column":0},"end":{"line":175,"column":13}},"175":{"start":{"line":176,"column":0},"end":{"line":176,"column":13}},"176":{"start":{"line":177,"column":0},"end":{"line":177,"column":15}},"177":{"start":{"line":178,"column":0},"end":{"line":178,"column":16}},"178":{"start":{"line":179,"column":0},"end":{"line":179,"column":15}},"179":{"start":{"line":180,"column":0},"end":{"line":180,"column":21}},"180":{"start":{"line":181,"column":0},"end":{"line":181,"column":4}},"181":{"start":{"line":182,"column":0},"end":{"line":182,"column":30}},"182":{"start":{"line":183,"column":0},"end":{"line":183,"column":30}},"183":{"start":{"line":184,"column":0},"end":{"line":184,"column":30}},"184":{"start":{"line":185,"column":0},"end":{"line":185,"column":30}},"185":{"start":{"line":186,"column":0},"end":{"line":186,"column":30}},"186":{"start":{"line":187,"column":0},"end":{"line":187,"column":30}},"187":{"start":{"line":188,"column":0},"end":{"line":188,"column":30}},"188":{"start":{"line":189,"column":0},"end":{"line":189,"column":30}},"189":{"start":{"line":190,"column":0},"end":{"line":190,"column":30}},"190":{"start":{"line":191,"column":0},"end":{"line":191,"column":30}},"191":{"start":{"line":192,"column":0},"end":{"line":192,"column":30}},"192":{"start":{"line":193,"column":0},"end":{"line":193,"column":30}},"193":{"start":{"line":194,"column":0},"end":{"line":194,"column":4}},"194":{"start":{"line":195,"column":0},"end":{"line":195,"column":1}},"195":{"start":{"line":196,"column":0},"end":{"line":196,"column":2}},"196":{"start":{"line":197,"column":0},"end":{"line":197,"column":0}},"197":{"start":{"line":198,"column":0},"end":{"line":198,"column":0}},"198":{"start":{"line":199,"column":0},"end":{"line":199,"column":0}},"199":{"start":{"line":200,"column":0},"end":{"line":200,"column":38}},"200":{"start":{"line":201,"column":0},"end":{"line":201,"column":33}},"201":{"start":{"line":202,"column":0},"end":{"line":202,"column":44}},"202":{"start":{"line":203,"column":0},"end":{"line":203,"column":26}},"203":{"start":{"line":204,"column":0},"end":{"line":204,"column":5}},"204":{"start":{"line":205,"column":0},"end":{"line":205,"column":65}},"205":{"start":{"line":206,"column":0},"end":{"line":206,"column":1}},"206":{"start":{"line":207,"column":0},"end":{"line":207,"column":0}},"207":{"start":{"line":208,"column":0},"end":{"line":208,"column":0}},"208":{"start":{"line":209,"column":0},"end":{"line":209,"column":25}},"209":{"start":{"line":210,"column":0},"end":{"line":210,"column":33}},"210":{"start":{"line":211,"column":0},"end":{"line":211,"column":12}},"211":{"start":{"line":212,"column":0},"end":{"line":212,"column":51}},"212":{"start":{"line":213,"column":0},"end":{"line":213,"column":19}},"213":{"start":{"line":214,"column":0},"end":{"line":214,"column":36}},"214":{"start":{"line":215,"column":0},"end":{"line":215,"column":1}},"215":{"start":{"line":216,"column":0},"end":{"line":216,"column":0}},"216":{"start":{"line":217,"column":0},"end":{"line":217,"column":0}},"217":{"start":{"line":218,"column":0},"end":{"line":218,"column":52}}},"s":{"0":1,"1":1,"2":1,"3":1,"4":1,"5":1,"6":1,"7":1,"8":1,"9":1,"10":1,"11":1,"12":1,"13":1,"14":1,"15":1,"16":1,"17":1,"18":1,"19":1,"20":1,"21":1,"22":1,"23":1,"24":1,"25":1,"26":1,"27":1,"28":1,"29":1,"30":1,"31":1,"32":1,"33":1,"34":1,"35":1,"36":1,"37":1,"38":1,"39":1,"40":1,"41":1,"42":1,"43":1,"44":1,"45":1,"46":1,"47":1,"48":1,"49":1,"50":1,"51":1,"52":1,"53":1,"54":1,"55":1,"56":1,"57":1,"58":1,"59":1,"60":1,"61":1,"62":1,"63":1,"64":1,"65":1,"66":1,"67":1,"68":1,"69":1,"70":1,"71":1,"72":1,"73":1,"74":1,"75":1,"76":1,"77":1,"78":1,"79":1,"80":1,"81":1,"82":1,"83":1,"84":1,"85":1,"86":1,"87":1,"88":1,"89":1,"90":1,"91":1,"92":1,"93":1,"94":1,"95":1,"96":1,"97":1,"98":1,"99":1,"100":1,"101":1,"102":1,"103":1,"104":1,"105":1,"106":1,"107":1,"108":1,"109":1,"110":1,"111":1,"112":1,"113":1,"114":1,"115":1,"116":1,"117":1,"118":1,"119":1,"120":1,"121":1,"122":1,"123":1,"124":1,"125":1,"126":1,"127":1,"128":1,"129":1,"130":1,"131":1,"132":1,"133":1,"134":1,"135":1,"136":1,"137":1,"138":1,"139":1,"140":1,"141":1,"142":1,"143":1,"144":1,"145":1,"146":1,"147":1,"148":1,"149":1,"150":1,"151":1,"152":1,"153":1,"154":1,"155":1,"156":1,"157":1,"158":1,"159":1,"160":1,"161":1,"162":1,"163":1,"164":1,"165":1,"166":1,"167":1,"168":1,"169":1,"170":1,"171":1,"172":1,"173":1,"174":1,"175":1,"176":1,"177":1,"178":1,"179":1,"180":1,"181":1,"182":1,"183":1,"184":1,"185":1,"186":1,"187":1,"188":1,"189":1,"190":1,"191":1,"192":1,"193":1,"194":1,"195":1,"196":1,"197":1,"198":1,"199":1,"200":5,"201":5,"202":4,"203":4,"204":1,"205":1,"206":1,"207":1,"208":1,"209":1,"210":1,"211":1,"212":8,"213":1,"214":1,"215":1,"216":1,"217":1},"branchMap":{"0":{"type":"branch","line":201,"loc":{"start":{"line":201,"column":0},"end":{"line":206,"column":1}},"locations":[{"start":{"line":201,"column":0},"end":{"line":206,"column":1}}]},"1":{"type":"branch","line":202,"loc":{"start":{"line":202,"column":43},"end":{"line":204,"column":5}},"locations":[{"start":{"line":202,"column":43},"end":{"line":204,"column":5}}]},"2":{"type":"branch","line":205,"loc":{"start":{"line":205,"column":-1},"end":{"line":206,"column":1}},"locations":[{"start":{"line":205,"column":-1},"end":{"line":206,"column":1}}]},"3":{"type":"branch","line":210,"loc":{"start":{"line":210,"column":0},"end":{"line":215,"column":1}},"locations":[{"start":{"line":210,"column":0},"end":{"line":215,"column":1}}]},"4":{"type":"branch","line":212,"loc":{"start":{"line":212,"column":22},"end":{"line":213,"column":19}},"locations":[{"start":{"line":212,"column":22},"end":{"line":213,"column":19}}]},"5":{"type":"branch","line":213,"loc":{"start":{"line":213,"column":10},"end":{"line":213,"column":17}},"locations":[{"start":{"line":213,"column":10},"end":{"line":213,"column":17}}]}},"b":{"0":[5],"1":[4],"2":[1],"3":[1],"4":[8],"5":[1]},"fnMap":{"0":{"name":"getPuzzleFrmId","decl":{"start":{"line":201,"column":0},"end":{"line":206,"column":1}},"loc":{"start":{"line":201,"column":0},"end":{"line":206,"column":1}},"line":201},"1":{"name":"getPuzzleFrmName","decl":{"start":{"line":210,"column":0},"end":{"line":215,"column":1}},"loc":{"start":{"line":210,"column":0},"end":{"line":215,"column":1}},"line":210}},"f":{"0":5,"1":1}}
,"/home/rajol/projets6/robot/projetss6-robot-15528/src/verify.js": {"path":"/home/rajol/projets6/robot/projetss6-robot-15528/src/verify.js","all":false,"statementMap":{"0":{"start":{"line":1,"column":0},"end":{"line":1,"column":43}},"1":{"start":{"line":2,"column":0},"end":{"line":2,"column":26}},"2":{"start":{"line":3,"column":0},"end":{"line":3,"column":236}},"3":{"start":{"line":4,"column":0},"end":{"line":4,"column":91}},"4":{"start":{"line":5,"column":0},"end":{"line":5,"column":17}},"5":{"start":{"line":6,"column":0},"end":{"line":6,"column":5}},"6":{"start":{"line":7,"column":0},"end":{"line":7,"column":170}},"7":{"start":{"line":8,"column":0},"end":{"line":8,"column":103}},"8":{"start":{"line":9,"column":0},"end":{"line":9,"column":17}},"9":{"start":{"line":10,"column":0},"end":{"line":10,"column":5}},"10":{"start":{"line":11,"column":0},"end":{"line":11,"column":86}},"11":{"start":{"line":12,"column":0},"end":{"line":12,"column":67}},"12":{"start":{"line":13,"column":0},"end":{"line":13,"column":17}},"13":{"start":{"line":14,"column":0},"end":{"line":14,"column":5}},"14":{"start":{"line":15,"column":0},"end":{"line":15,"column":32}},"15":{"start":{"line":16,"column":0},"end":{"line":16,"column":83}},"16":{"start":{"line":17,"column":0},"end":{"line":17,"column":75}},"17":{"start":{"line":18,"column":0},"end":{"line":18,"column":21}},"18":{"start":{"line":19,"column":0},"end":{"line":19,"column":2}},"19":{"start":{"line":20,"column":0},"end":{"line":20,"column":5}},"20":{"start":{"line":21,"column":0},"end":{"line":21,"column":13}},"21":{"start":{"line":22,"column":0},"end":{"line":22,"column":4}},"22":{"start":{"line":23,"column":0},"end":{"line":23,"column":1}},"23":{"start":{"line":24,"column":0},"end":{"line":24,"column":0}},"24":{"start":{"line":25,"column":0},"end":{"line":25,"column":70}},"25":{"start":{"line":26,"column":0},"end":{"line":26,"column":50}},"26":{"start":{"line":27,"column":0},"end":{"line":27,"column":127}},"27":{"start":{"line":28,"column":0},"end":{"line":28,"column":0}},"28":{"start":{"line":29,"column":0},"end":{"line":29,"column":33}},"29":{"start":{"line":30,"column":0},"end":{"line":30,"column":32}},"30":{"start":{"line":31,"column":0},"end":{"line":31,"column":18}},"31":{"start":{"line":32,"column":0},"end":{"line":32,"column":1}},"32":{"start":{"line":33,"column":0},"end":{"line":33,"column":35}},"33":{"start":{"line":34,"column":0},"end":{"line":34,"column":35}},"34":{"start":{"line":35,"column":0},"end":{"line":35,"column":18}},"35":{"start":{"line":36,"column":0},"end":{"line":36,"column":1}},"36":{"start":{"line":37,"column":0},"end":{"line":37,"column":0}},"37":{"start":{"line":38,"column":0},"end":{"line":38,"column":58}},"38":{"start":{"line":39,"column":0},"end":{"line":39,"column":36}},"39":{"start":{"line":40,"column":0},"end":{"line":40,"column":25}},"40":{"start":{"line":41,"column":0},"end":{"line":41,"column":48}},"41":{"start":{"line":42,"column":0},"end":{"line":42,"column":10}},"42":{"start":{"line":43,"column":0},"end":{"line":43,"column":5}},"43":{"start":{"line":44,"column":0},"end":{"line":44,"column":54}},"44":{"start":{"line":45,"column":0},"end":{"line":45,"column":57}},"45":{"start":{"line":46,"column":0},"end":{"line":46,"column":17}},"46":{"start":{"line":47,"column":0},"end":{"line":47,"column":5}},"47":{"start":{"line":48,"column":0},"end":{"line":48,"column":0}},"48":{"start":{"line":49,"column":0},"end":{"line":49,"column":60}},"49":{"start":{"line":50,"column":0},"end":{"line":50,"column":56}},"50":{"start":{"line":51,"column":0},"end":{"line":51,"column":17}},"51":{"start":{"line":52,"column":0},"end":{"line":52,"column":5}},"52":{"start":{"line":53,"column":0},"end":{"line":53,"column":16}},"53":{"start":{"line":54,"column":0},"end":{"line":54,"column":1}},"54":{"start":{"line":55,"column":0},"end":{"line":55,"column":0}},"55":{"start":{"line":56,"column":0},"end":{"line":56,"column":0}},"56":{"start":{"line":57,"column":0},"end":{"line":57,"column":54}},"57":{"start":{"line":58,"column":0},"end":{"line":58,"column":27}},"58":{"start":{"line":59,"column":0},"end":{"line":59,"column":40}},"59":{"start":{"line":60,"column":0},"end":{"line":60,"column":30}},"60":{"start":{"line":61,"column":0},"end":{"line":61,"column":51}},"61":{"start":{"line":62,"column":0},"end":{"line":62,"column":17}},"62":{"start":{"line":63,"column":0},"end":{"line":63,"column":5}},"63":{"start":{"line":64,"column":0},"end":{"line":64,"column":0}},"64":{"start":{"line":65,"column":0},"end":{"line":65,"column":62}},"65":{"start":{"line":66,"column":0},"end":{"line":66,"column":38}},"66":{"start":{"line":67,"column":0},"end":{"line":67,"column":36}},"67":{"start":{"line":68,"column":0},"end":{"line":68,"column":37}},"68":{"start":{"line":69,"column":0},"end":{"line":69,"column":60}},"69":{"start":{"line":70,"column":0},"end":{"line":70,"column":21}},"70":{"start":{"line":71,"column":0},"end":{"line":71,"column":9}},"71":{"start":{"line":72,"column":0},"end":{"line":72,"column":12}},"72":{"start":{"line":73,"column":0},"end":{"line":73,"column":59}},"73":{"start":{"line":74,"column":0},"end":{"line":74,"column":28}},"74":{"start":{"line":75,"column":0},"end":{"line":75,"column":32}},"75":{"start":{"line":76,"column":0},"end":{"line":76,"column":17}},"76":{"start":{"line":77,"column":0},"end":{"line":77,"column":17}},"77":{"start":{"line":78,"column":0},"end":{"line":78,"column":5}},"78":{"start":{"line":79,"column":0},"end":{"line":79,"column":4}},"79":{"start":{"line":80,"column":0},"end":{"line":80,"column":4}},"80":{"start":{"line":81,"column":0},"end":{"line":81,"column":29}},"81":{"start":{"line":82,"column":0},"end":{"line":82,"column":59}},"82":{"start":{"line":83,"column":0},"end":{"line":83,"column":15}},"83":{"start":{"line":84,"column":0},"end":{"line":84,"column":97}},"84":{"start":{"line":85,"column":0},"end":{"line":85,"column":13}},"85":{"start":{"line":86,"column":0},"end":{"line":86,"column":1}},"86":{"start":{"line":87,"column":0},"end":{"line":87,"column":0}},"87":{"start":{"line":88,"column":0},"end":{"line":88,"column":55}}},"s":{"0":1,"1":2,"2":2,"3":1,"4":1,"5":1,"6":2,"7":0,"8":0,"9":0,"10":2,"11":0,"12":0,"13":0,"14":1,"15":1,"16":1,"17":1,"18":1,"19":1,"20":0,"21":0,"22":0,"23":1,"24":1,"25":1,"26":1,"27":1,"28":1,"29":6,"30":6,"31":6,"32":1,"33":5,"34":5,"35":5,"36":1,"37":1,"38":7,"39":7,"40":1,"41":1,"42":1,"43":7,"44":1,"45":1,"46":1,"47":5,"48":7,"49":1,"50":1,"51":1,"52":4,"53":4,"54":1,"55":1,"56":1,"57":4,"58":3,"59":3,"60":3,"61":3,"62":3,"63":3,"64":3,"65":3,"66":3,"67":3,"68":1,"69":1,"70":1,"71":2,"72":2,"73":2,"74":4,"75":4,"76":2,"77":2,"78":3,"79":3,"80":3,"81":3,"82":3,"83":3,"84":3,"85":3,"86":1,"87":1},"branchMap":{"0":{"type":"branch","line":2,"loc":{"start":{"line":2,"column":0},"end":{"line":23,"column":1}},"locations":[{"start":{"line":2,"column":0},"end":{"line":23,"column":1}}]},"1":{"type":"branch","line":3,"loc":{"start":{"line":3,"column":7},"end":{"line":3,"column":58}},"locations":[{"start":{"line":3,"column":7},"end":{"line":3,"column":58}}]},"2":{"type":"branch","line":3,"loc":{"start":{"line":3,"column":7},"end":{"line":3,"column":88}},"locations":[{"start":{"line":3,"column":7},"end":{"line":3,"column":88}}]},"3":{"type":"branch","line":3,"loc":{"start":{"line":3,"column":7},"end":{"line":3,"column":116}},"locations":[{"start":{"line":3,"column":7},"end":{"line":3,"column":116}}]},"4":{"type":"branch","line":3,"loc":{"start":{"line":3,"column":7},"end":{"line":3,"column":146}},"locations":[{"start":{"line":3,"column":7},"end":{"line":3,"column":146}}]},"5":{"type":"branch","line":3,"loc":{"start":{"line":3,"column":7},"end":{"line":3,"column":174}},"locations":[{"start":{"line":3,"column":7},"end":{"line":3,"column":174}}]},"6":{"type":"branch","line":3,"loc":{"start":{"line":3,"column":7},"end":{"line":3,"column":202}},"locations":[{"start":{"line":3,"column":7},"end":{"line":3,"column":202}}]},"7":{"type":"branch","line":3,"loc":{"start":{"line":3,"column":202},"end":{"line":7,"column":108}},"locations":[{"start":{"line":3,"column":202},"end":{"line":7,"column":108}}]},"8":{"type":"branch","line":7,"loc":{"start":{"line":7,"column":7},"end":{"line":7,"column":130}},"locations":[{"start":{"line":7,"column":7},"end":{"line":7,"column":130}}]},"9":{"type":"branch","line":7,"loc":{"start":{"line":7,"column":130},"end":{"line":10,"column":5}},"locations":[{"start":{"line":7,"column":130},"end":{"line":10,"column":5}}]},"10":{"type":"branch","line":11,"loc":{"start":{"line":11,"column":-1},"end":{"line":11,"column":8}},"locations":[{"start":{"line":11,"column":-1},"end":{"line":11,"column":8}}]},"11":{"type":"branch","line":11,"loc":{"start":{"line":11,"column":39},"end":{"line":14,"column":5}},"locations":[{"start":{"line":11,"column":39},"end":{"line":14,"column":5}}]},"12":{"type":"branch","line":15,"loc":{"start":{"line":15,"column":-1},"end":{"line":20,"column":5}},"locations":[{"start":{"line":15,"column":-1},"end":{"line":20,"column":5}}]},"13":{"type":"branch","line":16,"loc":{"start":{"line":16,"column":11},"end":{"line":16,"column":82}},"locations":[{"start":{"line":16,"column":11},"end":{"line":16,"column":82}}]},"14":{"type":"branch","line":21,"loc":{"start":{"line":21,"column":-1},"end":{"line":23,"column":1}},"locations":[{"start":{"line":21,"column":-1},"end":{"line":23,"column":1}}]},"15":{"type":"branch","line":30,"loc":{"start":{"line":30,"column":0},"end":{"line":32,"column":1}},"locations":[{"start":{"line":30,"column":0},"end":{"line":32,"column":1}}]},"16":{"type":"branch","line":34,"loc":{"start":{"line":34,"column":0},"end":{"line":36,"column":1}},"locations":[{"start":{"line":34,"column":0},"end":{"line":36,"column":1}}]},"17":{"type":"branch","line":39,"loc":{"start":{"line":39,"column":0},"end":{"line":54,"column":1}},"locations":[{"start":{"line":39,"column":0},"end":{"line":54,"column":1}}]},"18":{"type":"branch","line":40,"loc":{"start":{"line":40,"column":24},"end":{"line":43,"column":5}},"locations":[{"start":{"line":40,"column":24},"end":{"line":43,"column":5}}]},"19":{"type":"branch","line":44,"loc":{"start":{"line":44,"column":-1},"end":{"line":44,"column":8}},"locations":[{"start":{"line":44,"column":-1},"end":{"line":44,"column":8}}]},"20":{"type":"branch","line":44,"loc":{"start":{"line":44,"column":53},"end":{"line":47,"column":5}},"locations":[{"start":{"line":44,"column":53},"end":{"line":47,"column":5}}]},"21":{"type":"branch","line":48,"loc":{"start":{"line":48,"column":-1},"end":{"line":49,"column":7}},"locations":[{"start":{"line":48,"column":-1},"end":{"line":49,"column":7}}]},"22":{"type":"branch","line":49,"loc":{"start":{"line":49,"column":59},"end":{"line":52,"column":5}},"locations":[{"start":{"line":49,"column":59},"end":{"line":52,"column":5}}]},"23":{"type":"branch","line":53,"loc":{"start":{"line":53,"column":-1},"end":{"line":54,"column":1}},"locations":[{"start":{"line":53,"column":-1},"end":{"line":54,"column":1}}]},"24":{"type":"branch","line":58,"loc":{"start":{"line":58,"column":0},"end":{"line":86,"column":1}},"locations":[{"start":{"line":58,"column":0},"end":{"line":86,"column":1}}]},"25":{"type":"branch","line":60,"loc":{"start":{"line":60,"column":29},"end":{"line":63,"column":5}},"locations":[{"start":{"line":60,"column":29},"end":{"line":63,"column":5}}]},"26":{"type":"branch","line":58,"loc":{"start":{"line":58,"column":26},"end":{"line":86,"column":1}},"locations":[{"start":{"line":58,"column":26},"end":{"line":86,"column":1}}]},"27":{"type":"branch","line":66,"loc":{"start":{"line":66,"column":4},"end":{"line":78,"column":5}},"locations":[{"start":{"line":66,"column":4},"end":{"line":78,"column":5}}]},"28":{"type":"branch","line":68,"loc":{"start":{"line":68,"column":36},"end":{"line":71,"column":9}},"locations":[{"start":{"line":68,"column":36},"end":{"line":71,"column":9}}]},"29":{"type":"branch","line":72,"loc":{"start":{"line":72,"column":-1},"end":{"line":78,"column":5}},"locations":[{"start":{"line":72,"column":-1},"end":{"line":78,"column":5}}]},"30":{"type":"branch","line":74,"loc":{"start":{"line":74,"column":23},"end":{"line":76,"column":17}},"locations":[{"start":{"line":74,"column":23},"end":{"line":76,"column":17}}]},"31":{"type":"branch","line":76,"loc":{"start":{"line":76,"column":5},"end":{"line":76,"column":16}},"locations":[{"start":{"line":76,"column":5},"end":{"line":76,"column":16}}]},"32":{"type":"branch","line":84,"loc":{"start":{"line":84,"column":22},"end":{"line":84,"column":97}},"locations":[{"start":{"line":84,"column":22},"end":{"line":84,"column":97}}]},"33":{"type":"branch","line":84,"loc":{"start":{"line":84,"column":58},"end":{"line":84,"column":95}},"locations":[{"start":{"line":84,"column":58},"end":{"line":84,"column":95}}]}},"b":{"0":[2],"1":[1],"2":[1],"3":[1],"4":[1],"5":[1],"6":[1],"7":[1],"8":[1],"9":[0],"10":[1],"11":[0],"12":[1],"13":[0],"14":[0],"15":[6],"16":[5],"17":[7],"18":[1],"19":[6],"20":[1],"21":[5],"22":[1],"23":[4],"24":[4],"25":[1],"26":[3],"27":[3],"28":[1],"29":[2],"30":[4],"31":[1],"32":[3],"33":[2]},"fnMap":{"0":{"name":"verifyPuzzle","decl":{"start":{"line":2,"column":0},"end":{"line":23,"column":1}},"loc":{"start":{"line":2,"column":0},"end":{"line":23,"column":1}},"line":2},"1":{"name":"instructionColor","decl":{"start":{"line":30,"column":0},"end":{"line":32,"column":1}},"loc":{"start":{"line":30,"column":0},"end":{"line":32,"column":1}},"line":30},"2":{"name":"instructionMovement","decl":{"start":{"line":34,"column":0},"end":{"line":36,"column":1}},"loc":{"start":{"line":34,"column":0},"end":{"line":36,"column":1}},"line":34},"3":{"name":"verifyInstruction","decl":{"start":{"line":39,"column":0},"end":{"line":54,"column":1}},"loc":{"start":{"line":39,"column":0},"end":{"line":54,"column":1}},"line":39},"4":{"name":"verifyProgram","decl":{"start":{"line":58,"column":0},"end":{"line":86,"column":1}},"loc":{"start":{"line":58,"column":0},"end":{"line":86,"column":1}},"line":58},"5":{"name":"verifyProgramFunc","decl":{"start":{"line":66,"column":4},"end":{"line":78,"column":5}},"loc":{"start":{"line":66,"column":4},"end":{"line":78,"column":5}},"line":66}},"f":{"0":2,"1":6,"2":5,"3":7,"4":4,"5":3}}
}
