TN:
SF:display.js
FN:34,display
FNF:1
FNH:1
FNDA:8,display
DA:1,1
DA:2,1
DA:3,1
DA:4,1
DA:5,1
DA:6,1
DA:7,1
DA:8,1
DA:9,1
DA:10,1
DA:11,1
DA:12,1
DA:13,1
DA:14,1
DA:15,1
DA:16,1
DA:17,1
DA:18,1
DA:19,1
DA:20,1
DA:21,1
DA:22,1
DA:23,1
DA:24,1
DA:25,1
DA:26,1
DA:27,1
DA:28,1
DA:29,1
DA:30,1
DA:31,1
DA:32,1
DA:33,1
DA:34,1
DA:35,8
DA:36,8
DA:37,96
DA:38,96
DA:39,96
DA:40,96
DA:41,1524
DA:42,1524
DA:43,1524
DA:44,1524
DA:45,1524
DA:46,1524
DA:47,1524
DA:48,1524
DA:49,1524
DA:50,1524
DA:51,1524
DA:52,1516
DA:53,1516
DA:54,1516
DA:55,1516
DA:56,1516
DA:57,1516
DA:58,1516
DA:59,1516
DA:60,1516
DA:61,1516
DA:62,1524
DA:63,1524
DA:64,96
DA:65,96
DA:66,8
LF:66
LH:66
BRDA:34,0,0,8
BRDA:36,1,0,96
BRDA:40,2,0,1524
BRDA:43,3,0,6
BRDA:44,4,0,9
BRDA:45,5,0,92
BRDA:46,6,0,1405
BRDA:47,7,0,9
BRDA:48,8,0,1
BRDA:49,9,0,2
BRDA:51,10,0,124
BRDA:51,11,0,8
BRDA:53,12,0,4
BRDA:54,13,0,1
BRDA:55,14,0,2
BRDA:56,15,0,1
BRDA:51,16,0,1516
BRF:17
BRH:17
end_of_record
TN:
SF:game.js
FN:4,forward
FN:19,right
FN:25,left
FN:32,turnToColor
FN:41,predicat
FN:53,pc_is_call
FN:63,pc_is_limit
FN:72,action
FN:94,executeInstOnPuzzle
FN:103,newPC
FN:118,gameOver
FN:141,step
FN:173,removeStar
FN:187,executeProgOnPuzzle
FN:195,moveRobot
FN:202,term
FNF:16
FNH:16
FNDA:8,forward
FNDA:2,right
FNDA:5,left
FNDA:5,turnToColor
FNDA:8,predicat
FNDA:8,pc_is_call
FNDA:8,pc_is_limit
FNDA:11,action
FNDA:3,executeInstOnPuzzle
FNDA:4,newPC
FNDA:8,gameOver
FNDA:6,step
FNDA:4,removeStar
FNDA:2,executeProgOnPuzzle
FNDA:1,moveRobot
FNDA:2,term
DA:1,1
DA:2,1
DA:3,1
DA:4,8
DA:5,8
DA:6,8
DA:7,4
DA:8,8
DA:9,1
DA:10,8
DA:11,1
DA:12,8
DA:13,1
DA:14,8
DA:15,8
DA:16,8
DA:17,1
DA:18,1
DA:19,2
DA:20,2
DA:21,2
DA:22,2
DA:23,1
DA:24,1
DA:25,5
DA:26,5
DA:27,5
DA:28,5
DA:29,1
DA:30,1
DA:31,1
DA:32,5
DA:33,5
DA:34,5
DA:35,5
DA:36,5
DA:37,1
DA:38,1
DA:39,1
DA:40,1
DA:41,8
DA:42,8
DA:43,1
DA:44,1
DA:45,1
DA:46,1
DA:47,1
DA:48,1
DA:49,1
DA:50,1
DA:51,1
DA:52,1
DA:53,8
DA:54,8
DA:55,8
DA:56,2
DA:57,2
DA:58,6
DA:59,6
DA:60,1
DA:61,1
DA:62,1
DA:63,8
DA:64,8
DA:65,3
DA:66,3
DA:67,5
DA:68,5
DA:69,1
DA:70,1
DA:71,1
DA:72,11
DA:73,11
DA:74,11
DA:75,3
DA:76,11
DA:77,1
DA:78,11
DA:79,2
DA:80,11
DA:81,2
DA:82,11
DA:83,1
DA:84,11
DA:85,1
DA:86,11
DA:87,1
DA:88,11
DA:89,11
DA:90,1
DA:91,1
DA:92,1
DA:93,1
DA:94,3
DA:95,3
DA:96,3
DA:97,3
DA:98,3
DA:99,3
DA:100,1
DA:101,1
DA:102,1
DA:103,4
DA:104,4
DA:105,4
DA:106,4
DA:107,4
DA:108,4
DA:109,4
DA:110,4
DA:111,4
DA:112,4
DA:113,4
DA:114,1
DA:115,1
DA:116,1
DA:117,1
DA:118,8
DA:119,8
DA:120,8
DA:121,8
DA:122,0
DA:123,0
DA:124,0
DA:125,8
DA:126,1
DA:127,1
DA:128,1
DA:129,8
DA:130,0
DA:131,0
DA:132,0
DA:133,8
DA:134,0
DA:135,0
DA:136,0
DA:137,7
DA:138,7
DA:139,1
DA:140,1
DA:141,6
DA:142,6
DA:143,6
DA:144,5
DA:145,5
DA:146,5
DA:147,5
DA:148,5
DA:149,5
DA:150,3
DA:151,3
DA:152,3
DA:153,3
DA:154,3
DA:155,3
DA:156,3
DA:157,3
DA:158,3
DA:159,3
DA:160,3
DA:161,3
DA:162,3
DA:163,3
DA:164,3
DA:165,3
DA:166,3
DA:167,6
DA:168,6
DA:169,6
DA:170,1
DA:171,1
DA:172,1
DA:173,4
DA:174,4
DA:175,2
DA:176,2
DA:177,2
DA:178,2
DA:179,2
DA:180,2
DA:181,2
DA:182,2
DA:183,2
DA:184,4
DA:185,1
DA:186,1
DA:187,2
DA:188,2
DA:189,2
DA:190,2
DA:191,2
DA:192,1
DA:193,1
DA:194,1
DA:195,1
DA:196,1
DA:197,1
DA:198,1
DA:199,1
DA:200,1
DA:201,1
DA:202,2
DA:203,2
DA:204,2
DA:205,2
DA:206,2
DA:207,0
DA:208,0
DA:209,2
DA:210,2
DA:211,0
DA:212,0
DA:213,0
DA:214,2
DA:215,2
DA:216,2
DA:217,2
DA:218,1
LF:218
LH:204
BRDA:4,0,0,8
BRDA:6,1,0,4
BRDA:8,2,0,1
BRDA:10,3,0,1
BRDA:12,4,0,1
BRDA:19,5,0,2
BRDA:25,6,0,5
BRDA:32,7,0,5
BRDA:41,8,0,8
BRDA:43,9,0,1
BRDA:44,10,0,1
BRDA:45,11,0,0
BRDA:46,12,0,5
BRDA:42,13,0,1
BRDA:53,14,0,8
BRDA:55,15,0,6
BRDA:55,16,0,6
BRDA:55,17,0,6
BRDA:55,18,0,6
BRDA:55,19,0,2
BRDA:58,20,0,6
BRDA:63,21,0,8
BRDA:64,22,0,3
BRDA:67,23,0,5
BRDA:72,24,0,11
BRDA:74,25,0,3
BRDA:76,26,0,1
BRDA:78,27,0,2
BRDA:80,28,0,2
BRDA:82,29,0,1
BRDA:84,30,0,1
BRDA:86,31,0,1
BRDA:94,32,0,3
BRDA:103,33,0,4
BRDA:105,34,0,2
BRDA:106,35,0,1
BRDA:107,36,0,1
BRDA:108,37,0,0
BRDA:109,38,0,0
BRDA:110,39,0,0
BRDA:118,40,0,8
BRDA:121,41,0,0
BRDA:125,42,0,1
BRDA:125,43,0,1
BRDA:129,44,0,7
BRDA:129,45,0,0
BRDA:133,46,0,7
BRDA:133,47,0,0
BRDA:137,48,0,7
BRDA:141,49,0,6
BRDA:143,50,0,1
BRDA:143,51,0,1
BRDA:143,52,0,5
BRDA:149,53,0,2
BRDA:151,54,0,1
BRDA:154,55,0,0
BRDA:149,56,0,3
BRDA:173,57,0,4
BRDA:174,58,0,3
BRDA:174,59,0,2
BRDA:177,60,0,1
BRDA:178,61,0,0
BRDA:179,62,0,1
BRDA:187,63,0,2
BRDA:195,64,0,1
BRDA:202,65,0,2
BRDA:206,66,0,0
BRDA:210,67,0,0
BRF:68
BRH:57
end_of_record
TN:
SF:puzzles.js
FN:201,getPuzzleFrmId
FN:210,getPuzzleFrmName
FNF:2
FNH:2
FNDA:5,getPuzzleFrmId
FNDA:1,getPuzzleFrmName
DA:1,1
DA:2,1
DA:3,1
DA:4,1
DA:5,1
DA:6,1
DA:7,1
DA:8,1
DA:9,1
DA:10,1
DA:11,1
DA:12,1
DA:13,1
DA:14,1
DA:15,1
DA:16,1
DA:17,1
DA:18,1
DA:19,1
DA:20,1
DA:21,1
DA:22,1
DA:23,1
DA:24,1
DA:25,1
DA:26,1
DA:27,1
DA:28,1
DA:29,1
DA:30,1
DA:31,1
DA:32,1
DA:33,1
DA:34,1
DA:35,1
DA:36,1
DA:37,1
DA:38,1
DA:39,1
DA:40,1
DA:41,1
DA:42,1
DA:43,1
DA:44,1
DA:45,1
DA:46,1
DA:47,1
DA:48,1
DA:49,1
DA:50,1
DA:51,1
DA:52,1
DA:53,1
DA:54,1
DA:55,1
DA:56,1
DA:57,1
DA:58,1
DA:59,1
DA:60,1
DA:61,1
DA:62,1
DA:63,1
DA:64,1
DA:65,1
DA:66,1
DA:67,1
DA:68,1
DA:69,1
DA:70,1
DA:71,1
DA:72,1
DA:73,1
DA:74,1
DA:75,1
DA:76,1
DA:77,1
DA:78,1
DA:79,1
DA:80,1
DA:81,1
DA:82,1
DA:83,1
DA:84,1
DA:85,1
DA:86,1
DA:87,1
DA:88,1
DA:89,1
DA:90,1
DA:91,1
DA:92,1
DA:93,1
DA:94,1
DA:95,1
DA:96,1
DA:97,1
DA:98,1
DA:99,1
DA:100,1
DA:101,1
DA:102,1
DA:103,1
DA:104,1
DA:105,1
DA:106,1
DA:107,1
DA:108,1
DA:109,1
DA:110,1
DA:111,1
DA:112,1
DA:113,1
DA:114,1
DA:115,1
DA:116,1
DA:117,1
DA:118,1
DA:119,1
DA:120,1
DA:121,1
DA:122,1
DA:123,1
DA:124,1
DA:125,1
DA:126,1
DA:127,1
DA:128,1
DA:129,1
DA:130,1
DA:131,1
DA:132,1
DA:133,1
DA:134,1
DA:135,1
DA:136,1
DA:137,1
DA:138,1
DA:139,1
DA:140,1
DA:141,1
DA:142,1
DA:143,1
DA:144,1
DA:145,1
DA:146,1
DA:147,1
DA:148,1
DA:149,1
DA:150,1
DA:151,1
DA:152,1
DA:153,1
DA:154,1
DA:155,1
DA:156,1
DA:157,1
DA:158,1
DA:159,1
DA:160,1
DA:161,1
DA:162,1
DA:163,1
DA:164,1
DA:165,1
DA:166,1
DA:167,1
DA:168,1
DA:169,1
DA:170,1
DA:171,1
DA:172,1
DA:173,1
DA:174,1
DA:175,1
DA:176,1
DA:177,1
DA:178,1
DA:179,1
DA:180,1
DA:181,1
DA:182,1
DA:183,1
DA:184,1
DA:185,1
DA:186,1
DA:187,1
DA:188,1
DA:189,1
DA:190,1
DA:191,1
DA:192,1
DA:193,1
DA:194,1
DA:195,1
DA:196,1
DA:197,1
DA:198,1
DA:199,1
DA:200,1
DA:201,5
DA:202,5
DA:203,4
DA:204,4
DA:205,1
DA:206,1
DA:207,1
DA:208,1
DA:209,1
DA:210,1
DA:211,1
DA:212,1
DA:213,8
DA:214,1
DA:215,1
DA:216,1
DA:217,1
DA:218,1
LF:218
LH:218
BRDA:201,0,0,5
BRDA:202,1,0,4
BRDA:205,2,0,1
BRDA:210,3,0,1
BRDA:212,4,0,8
BRDA:213,5,0,1
BRF:6
BRH:6
end_of_record
TN:
SF:verify.js
FN:2,verifyPuzzle
FN:30,instructionColor
FN:34,instructionMovement
FN:39,verifyInstruction
FN:58,verifyProgram
FN:66,verifyProgramFunc
FNF:6
FNH:6
FNDA:2,verifyPuzzle
FNDA:6,instructionColor
FNDA:5,instructionMovement
FNDA:7,verifyInstruction
FNDA:4,verifyProgram
FNDA:3,verifyProgramFunc
DA:1,1
DA:2,2
DA:3,2
DA:4,1
DA:5,1
DA:6,1
DA:7,2
DA:8,0
DA:9,0
DA:10,0
DA:11,2
DA:12,0
DA:13,0
DA:14,0
DA:15,1
DA:16,1
DA:17,1
DA:18,1
DA:19,1
DA:20,1
DA:21,0
DA:22,0
DA:23,0
DA:24,1
DA:25,1
DA:26,1
DA:27,1
DA:28,1
DA:29,1
DA:30,6
DA:31,6
DA:32,6
DA:33,1
DA:34,5
DA:35,5
DA:36,5
DA:37,1
DA:38,1
DA:39,7
DA:40,7
DA:41,1
DA:42,1
DA:43,1
DA:44,7
DA:45,1
DA:46,1
DA:47,1
DA:48,5
DA:49,7
DA:50,1
DA:51,1
DA:52,1
DA:53,4
DA:54,4
DA:55,1
DA:56,1
DA:57,1
DA:58,4
DA:59,3
DA:60,3
DA:61,3
DA:62,3
DA:63,3
DA:64,3
DA:65,3
DA:66,3
DA:67,3
DA:68,3
DA:69,1
DA:70,1
DA:71,1
DA:72,2
DA:73,2
DA:74,2
DA:75,4
DA:76,4
DA:77,2
DA:78,2
DA:79,3
DA:80,3
DA:81,3
DA:82,3
DA:83,3
DA:84,3
DA:85,3
DA:86,3
DA:87,1
DA:88,1
LF:88
LH:79
BRDA:2,0,0,2
BRDA:3,1,0,1
BRDA:3,2,0,1
BRDA:3,3,0,1
BRDA:3,4,0,1
BRDA:3,5,0,1
BRDA:3,6,0,1
BRDA:3,7,0,1
BRDA:7,8,0,1
BRDA:7,9,0,0
BRDA:11,10,0,1
BRDA:11,11,0,0
BRDA:15,12,0,1
BRDA:16,13,0,0
BRDA:21,14,0,0
BRDA:30,15,0,6
BRDA:34,16,0,5
BRDA:39,17,0,7
BRDA:40,18,0,1
BRDA:44,19,0,6
BRDA:44,20,0,1
BRDA:48,21,0,5
BRDA:49,22,0,1
BRDA:53,23,0,4
BRDA:58,24,0,4
BRDA:60,25,0,1
BRDA:58,26,0,3
BRDA:66,27,0,3
BRDA:68,28,0,1
BRDA:72,29,0,2
BRDA:74,30,0,4
BRDA:76,31,0,1
BRDA:84,32,0,3
BRDA:84,33,0,2
BRF:34
BRH:30
end_of_record
