<?xml version="1.0" encoding="UTF-8"?>
<coverage generated="1653329323855" clover="3.2.0">
  <project timestamp="1653329323855" name="All files">
    <metrics statements="189" coveredstatements="166" conditionals="139" coveredconditionals="121" methods="31" coveredmethods="30" elements="359" coveredelements="317" complexity="0" loc="189" ncloc="189" packages="1" files="4" classes="4"/>
    <file name="display.js" path="/home/rajol/projets6/robot/projetss6-robot-15528/src/display.js">
      <metrics statements="20" coveredstatements="20" conditionals="15" coveredconditionals="15" methods="3" coveredmethods="3"/>
      <line num="3" count="8" type="stmt"/>
      <line num="4" count="96" type="stmt"/>
      <line num="5" count="96" type="stmt"/>
      <line num="6" count="1524" type="cond" truecount="7" falsecount="0"/>
      <line num="7" count="6" type="stmt"/>
      <line num="8" count="9" type="stmt"/>
      <line num="9" count="92" type="stmt"/>
      <line num="10" count="1405" type="stmt"/>
      <line num="11" count="9" type="stmt"/>
      <line num="12" count="1" type="stmt"/>
      <line num="13" count="2" type="stmt"/>
      <line num="15" count="1524" type="cond" truecount="4" falsecount="0"/>
      <line num="16" count="8" type="cond" truecount="4" falsecount="0"/>
      <line num="17" count="4" type="stmt"/>
      <line num="18" count="1" type="stmt"/>
      <line num="19" count="2" type="stmt"/>
      <line num="20" count="1" type="stmt"/>
      <line num="24" count="1516" type="stmt"/>
      <line num="26" count="1524" type="stmt"/>
      <line num="28" count="96" type="stmt"/>
    </file>
    <file name="game.js" path="/home/rajol/projets6/robot/projetss6-robot-15528/src/game.js">
      <metrics statements="104" coveredstatements="86" conditionals="78" coveredconditionals="64" methods="17" coveredmethods="16"/>
      <line num="5" count="8" type="cond" truecount="4" falsecount="0"/>
      <line num="6" count="4" type="stmt"/>
      <line num="7" count="4" type="stmt"/>
      <line num="8" count="1" type="stmt"/>
      <line num="9" count="1" type="stmt"/>
      <line num="10" count="1" type="stmt"/>
      <line num="11" count="1" type="stmt"/>
      <line num="12" count="1" type="stmt"/>
      <line num="13" count="1" type="stmt"/>
      <line num="15" count="8" type="stmt"/>
      <line num="20" count="2" type="stmt"/>
      <line num="21" count="2" type="stmt"/>
      <line num="26" count="5" type="stmt"/>
      <line num="27" count="5" type="stmt"/>
      <line num="33" count="5" type="stmt"/>
      <line num="34" count="5" type="stmt"/>
      <line num="35" count="5" type="stmt"/>
      <line num="42" count="8" type="cond" truecount="3" falsecount="1"/>
      <line num="43" count="1" type="cond" truecount="2" falsecount="0"/>
      <line num="44" count="1" type="cond" truecount="2" falsecount="0"/>
      <line num="45" count="0" type="cond" truecount="0" falsecount="2"/>
      <line num="46" count="5" type="stmt"/>
      <line num="48" count="1" type="stmt"/>
      <line num="54" count="8" type="stmt"/>
      <line num="55" count="8" type="cond" truecount="7" falsecount="0"/>
      <line num="56" count="2" type="stmt"/>
      <line num="58" count="6" type="stmt"/>
      <line num="64" count="8" type="cond" truecount="2" falsecount="0"/>
      <line num="65" count="3" type="stmt"/>
      <line num="67" count="5" type="stmt"/>
      <line num="73" count="11" type="cond" truecount="7" falsecount="0"/>
      <line num="74" count="3" type="stmt"/>
      <line num="75" count="3" type="stmt"/>
      <line num="76" count="1" type="stmt"/>
      <line num="77" count="1" type="stmt"/>
      <line num="78" count="2" type="stmt"/>
      <line num="79" count="2" type="stmt"/>
      <line num="80" count="2" type="stmt"/>
      <line num="81" count="2" type="stmt"/>
      <line num="82" count="1" type="stmt"/>
      <line num="83" count="1" type="stmt"/>
      <line num="84" count="1" type="stmt"/>
      <line num="85" count="1" type="stmt"/>
      <line num="87" count="1" type="stmt"/>
      <line num="95" count="3" type="cond" truecount="1" falsecount="1"/>
      <line num="96" count="3" type="stmt"/>
      <line num="98" count="3" type="stmt"/>
      <line num="104" count="4" type="cond" truecount="3" falsecount="3"/>
      <line num="105" count="2" type="stmt"/>
      <line num="106" count="1" type="stmt"/>
      <line num="107" count="1" type="stmt"/>
      <line num="108" count="0" type="stmt"/>
      <line num="109" count="0" type="stmt"/>
      <line num="111" count="0" type="stmt"/>
      <line num="119" count="8" type="cond" truecount="8" falsecount="1"/>
      <line num="122" count="0" type="stmt"/>
      <line num="123" count="0" type="stmt"/>
      <line num="125" count="8" type="cond" truecount="4" falsecount="0"/>
      <line num="126" count="1" type="stmt"/>
      <line num="127" count="1" type="stmt"/>
      <line num="129" count="7" type="cond" truecount="1" falsecount="1"/>
      <line num="130" count="0" type="stmt"/>
      <line num="131" count="0" type="stmt"/>
      <line num="133" count="7" type="cond" truecount="1" falsecount="1"/>
      <line num="134" count="0" type="stmt"/>
      <line num="135" count="0" type="stmt"/>
      <line num="137" count="7" type="stmt"/>
      <line num="143" count="6" type="cond" truecount="4" falsecount="0"/>
      <line num="144" count="1" type="stmt"/>
      <line num="145" count="1" type="stmt"/>
      <line num="146" count="1" type="stmt"/>
      <line num="149" count="5" type="cond" truecount="2" falsecount="0"/>
      <line num="150" count="2" type="stmt"/>
      <line num="151" count="2" type="cond" truecount="2" falsecount="0"/>
      <line num="154" count="1" type="cond" truecount="1" falsecount="1"/>
      <line num="155" count="1" type="stmt"/>
      <line num="156" count="1" type="stmt"/>
      <line num="159" count="0" type="stmt"/>
      <line num="164" count="3" type="stmt"/>
      <line num="165" count="3" type="stmt"/>
      <line num="174" count="4" type="cond" truecount="6" falsecount="0"/>
      <line num="175" count="2" type="stmt"/>
      <line num="176" count="2" type="cond" truecount="2" falsecount="1"/>
      <line num="177" count="1" type="stmt"/>
      <line num="178" count="0" type="stmt"/>
      <line num="179" count="1" type="stmt"/>
      <line num="181" count="2" type="stmt"/>
      <line num="182" count="2" type="stmt"/>
      <line num="188" count="2" type="stmt"/>
      <line num="189" count="2" type="stmt"/>
      <line num="190" count="2" type="stmt"/>
      <line num="196" count="1" type="stmt"/>
      <line num="197" count="1" type="stmt"/>
      <line num="198" count="1" type="stmt"/>
      <line num="203" count="2" type="stmt"/>
      <line num="204" count="2" type="stmt"/>
      <line num="206" count="2" type="cond" truecount="1" falsecount="1"/>
      <line num="207" count="0" type="stmt"/>
      <line num="210" count="2" type="cond" truecount="1" falsecount="1"/>
      <line num="211" count="0" type="stmt"/>
      <line num="212" count="0" type="stmt"/>
      <line num="217" count="0" type="stmt"/>
      <line num="218" count="0" type="stmt"/>
      <line num="219" count="0" type="stmt"/>
    </file>
    <file name="puzzles.js" path="/home/rajol/projets6/robot/projetss6-robot-15528/src/puzzles.js">
      <metrics statements="11" coveredstatements="11" conditionals="6" coveredconditionals="6" methods="3" coveredmethods="3"/>
      <line num="2" count="2" type="stmt"/>
      <line num="38" count="2" type="stmt"/>
      <line num="237" count="16" type="cond" truecount="2" falsecount="0"/>
      <line num="238" count="1" type="stmt"/>
      <line num="239" count="15" type="cond" truecount="2" falsecount="0"/>
      <line num="240" count="5" type="stmt"/>
      <line num="242" count="10" type="stmt"/>
      <line num="248" count="2" type="stmt"/>
      <line num="249" count="16" type="cond" truecount="2" falsecount="0"/>
      <line num="250" count="1" type="stmt"/>
      <line num="251" count="2" type="stmt"/>
    </file>
    <file name="verify.js" path="/home/rajol/projets6/robot/projetss6-robot-15528/src/verify.js">
      <metrics statements="54" coveredstatements="49" conditionals="40" coveredconditionals="36" methods="8" coveredmethods="8"/>
      <line num="3" count="2" type="cond" truecount="9" falsecount="0"/>
      <line num="4" count="1" type="stmt"/>
      <line num="5" count="1" type="stmt"/>
      <line num="7" count="1" type="cond" truecount="4" falsecount="1"/>
      <line num="8" count="0" type="stmt"/>
      <line num="9" count="0" type="stmt"/>
      <line num="11" count="1" type="cond" truecount="1" falsecount="1"/>
      <line num="12" count="0" type="stmt"/>
      <line num="13" count="0" type="stmt"/>
      <line num="15" count="1" type="stmt"/>
      <line num="16" count="1" type="cond" truecount="2" falsecount="2"/>
      <line num="17" count="1" type="stmt"/>
      <line num="18" count="1" type="stmt"/>
      <line num="21" count="0" type="stmt"/>
      <line num="26" count="1" type="stmt"/>
      <line num="27" count="1" type="stmt"/>
      <line num="31" count="6" type="stmt"/>
      <line num="35" count="5" type="stmt"/>
      <line num="40" count="8" type="cond" truecount="2" falsecount="0"/>
      <line num="41" count="1" type="stmt"/>
      <line num="42" count="1" type="stmt"/>
      <line num="44" count="7" type="cond" truecount="2" falsecount="0"/>
      <line num="45" count="1" type="stmt"/>
      <line num="46" count="1" type="stmt"/>
      <line num="48" count="6" type="cond" truecount="2" falsecount="0"/>
      <line num="49" count="1" type="stmt"/>
      <line num="50" count="1" type="stmt"/>
      <line num="53" count="5" type="cond" truecount="2" falsecount="0"/>
      <line num="54" count="1" type="stmt"/>
      <line num="55" count="1" type="stmt"/>
      <line num="57" count="4" type="stmt"/>
      <line num="63" count="7" type="cond" truecount="2" falsecount="0"/>
      <line num="64" count="1" type="stmt"/>
      <line num="65" count="1" type="stmt"/>
      <line num="66" count="1" type="stmt"/>
      <line num="68" count="6" type="stmt"/>
      <line num="69" count="6" type="cond" truecount="2" falsecount="0"/>
      <line num="70" count="1" type="stmt"/>
      <line num="71" count="1" type="stmt"/>
      <line num="76" count="5" type="cond" truecount="2" falsecount="0"/>
      <line num="77" count="1" type="stmt"/>
      <line num="78" count="1" type="stmt"/>
      <line num="80" count="4" type="stmt"/>
      <line num="81" count="4" type="cond" truecount="2" falsecount="0"/>
      <line num="82" count="1" type="stmt"/>
      <line num="83" count="1" type="stmt"/>
      <line num="85" count="3" type="stmt"/>
      <line num="87" count="3" type="stmt"/>
      <line num="88" count="5" type="cond" truecount="2" falsecount="0"/>
      <line num="89" count="2" type="stmt"/>
      <line num="90" count="3" type="stmt"/>
      <line num="96" count="5" type="stmt"/>
      <line num="97" count="5" type="cond" truecount="2" falsecount="0"/>
      <line num="98" count="5" type="stmt"/>
    </file>
  </project>
</coverage>
