{"/home/rajol/projets6/robot/projetss6-robot-15528/src/display.js": {"path":"/home/rajol/projets6/robot/projetss6-robot-15528/src/display.js","statementMap":{"0":{"start":{"line":3,"column":4},"end":{"line":29,"column":7}},"1":{"start":{"line":4,"column":14},"end":{"line":4,"column":16}},"2":{"start":{"line":5,"column":8},"end":{"line":27,"column":11}},"3":{"start":{"line":6,"column":12},"end":{"line":14,"column":13}},"4":{"start":{"line":7,"column":21},"end":{"line":7,"column":36}},"5":{"start":{"line":7,"column":36},"end":{"line":7,"column":42}},"6":{"start":{"line":8,"column":21},"end":{"line":8,"column":36}},"7":{"start":{"line":8,"column":36},"end":{"line":8,"column":42}},"8":{"start":{"line":9,"column":21},"end":{"line":9,"column":36}},"9":{"start":{"line":9,"column":36},"end":{"line":9,"column":42}},"10":{"start":{"line":10,"column":21},"end":{"line":10,"column":36}},"11":{"start":{"line":10,"column":36},"end":{"line":10,"column":42}},"12":{"start":{"line":11,"column":21},"end":{"line":11,"column":36}},"13":{"start":{"line":11,"column":36},"end":{"line":11,"column":42}},"14":{"start":{"line":12,"column":21},"end":{"line":12,"column":36}},"15":{"start":{"line":12,"column":36},"end":{"line":12,"column":42}},"16":{"start":{"line":13,"column":21},"end":{"line":13,"column":36}},"17":{"start":{"line":13,"column":36},"end":{"line":13,"column":42}},"18":{"start":{"line":15,"column":12},"end":{"line":25,"column":13}},"19":{"start":{"line":16,"column":16},"end":{"line":21,"column":17}},"20":{"start":{"line":17,"column":23},"end":{"line":17,"column":31}},"21":{"start":{"line":17,"column":31},"end":{"line":17,"column":37}},"22":{"start":{"line":18,"column":23},"end":{"line":18,"column":31}},"23":{"start":{"line":18,"column":31},"end":{"line":18,"column":37}},"24":{"start":{"line":19,"column":23},"end":{"line":19,"column":31}},"25":{"start":{"line":19,"column":31},"end":{"line":19,"column":37}},"26":{"start":{"line":20,"column":23},"end":{"line":20,"column":31}},"27":{"start":{"line":20,"column":31},"end":{"line":20,"column":37}},"28":{"start":{"line":24,"column":16},"end":{"line":24,"column":23}},"29":{"start":{"line":26,"column":12},"end":{"line":26,"column":25}},"30":{"start":{"line":28,"column":8},"end":{"line":28,"column":23}}},"fnMap":{"0":{"name":"display","decl":{"start":{"line":2,"column":16},"end":{"line":2,"column":23}},"loc":{"start":{"line":2,"column":26},"end":{"line":30,"column":1}},"line":2},"1":{"name":"(anonymous_1)","decl":{"start":{"line":3,"column":20},"end":{"line":3,"column":21}},"loc":{"start":{"line":3,"column":31},"end":{"line":29,"column":5}},"line":3},"2":{"name":"(anonymous_2)","decl":{"start":{"line":5,"column":32},"end":{"line":5,"column":33}},"loc":{"start":{"line":5,"column":45},"end":{"line":27,"column":9}},"line":5}},"branchMap":{"0":{"loc":{"start":{"line":6,"column":12},"end":{"line":14,"column":13}},"type":"switch","locations":[{"start":{"line":7,"column":12},"end":{"line":7,"column":42}},{"start":{"line":8,"column":12},"end":{"line":8,"column":42}},{"start":{"line":9,"column":12},"end":{"line":9,"column":42}},{"start":{"line":10,"column":12},"end":{"line":10,"column":42}},{"start":{"line":11,"column":12},"end":{"line":11,"column":42}},{"start":{"line":12,"column":12},"end":{"line":12,"column":42}},{"start":{"line":13,"column":12},"end":{"line":13,"column":42}}],"line":6},"1":{"loc":{"start":{"line":15,"column":12},"end":{"line":25,"column":13}},"type":"if","locations":[{"start":{"line":15,"column":12},"end":{"line":25,"column":13}},{"start":{"line":23,"column":16},"end":{"line":25,"column":13}}],"line":15},"2":{"loc":{"start":{"line":15,"column":15},"end":{"line":15,"column":47}},"type":"binary-expr","locations":[{"start":{"line":15,"column":15},"end":{"line":15,"column":29}},{"start":{"line":15,"column":33},"end":{"line":15,"column":47}}],"line":15},"3":{"loc":{"start":{"line":16,"column":16},"end":{"line":21,"column":17}},"type":"switch","locations":[{"start":{"line":17,"column":16},"end":{"line":17,"column":37}},{"start":{"line":18,"column":16},"end":{"line":18,"column":37}},{"start":{"line":19,"column":16},"end":{"line":19,"column":37}},{"start":{"line":20,"column":16},"end":{"line":20,"column":37}}],"line":16}},"s":{"0":8,"1":96,"2":96,"3":1524,"4":6,"5":6,"6":9,"7":9,"8":92,"9":92,"10":1405,"11":1405,"12":9,"13":9,"14":1,"15":1,"16":2,"17":2,"18":1524,"19":8,"20":4,"21":4,"22":1,"23":1,"24":2,"25":2,"26":1,"27":1,"28":1516,"29":1524,"30":96},"f":{"0":8,"1":96,"2":1524},"b":{"0":[6,9,92,1405,9,1,2],"1":[8,1516],"2":[1524,124],"3":[4,1,2,1]},"_coverageSchema":"1a1c01bbd47fc00a2c39e90264f33305004495a9","hash":"7be14e2d6dfedb374e5d6d99da8fd5e14bb8309f"}
,"/home/rajol/projets6/robot/projetss6-robot-15528/src/game.js": {"path":"/home/rajol/projets6/robot/projetss6-robot-15528/src/game.js","statementMap":{"0":{"start":{"line":5,"column":4},"end":{"line":14,"column":5}},"1":{"start":{"line":6,"column":11},"end":{"line":6,"column":29}},"2":{"start":{"line":7,"column":8},"end":{"line":7,"column":14}},"3":{"start":{"line":8,"column":11},"end":{"line":8,"column":29}},"4":{"start":{"line":9,"column":8},"end":{"line":9,"column":14}},"5":{"start":{"line":10,"column":11},"end":{"line":10,"column":29}},"6":{"start":{"line":11,"column":8},"end":{"line":11,"column":14}},"7":{"start":{"line":12,"column":11},"end":{"line":12,"column":29}},"8":{"start":{"line":13,"column":8},"end":{"line":13,"column":14}},"9":{"start":{"line":15,"column":4},"end":{"line":15,"column":18}},"10":{"start":{"line":20,"column":4},"end":{"line":20,"column":42}},"11":{"start":{"line":21,"column":4},"end":{"line":21,"column":18}},"12":{"start":{"line":26,"column":4},"end":{"line":26,"column":42}},"13":{"start":{"line":27,"column":4},"end":{"line":27,"column":18}},"14":{"start":{"line":33,"column":12},"end":{"line":33,"column":46}},"15":{"start":{"line":34,"column":4},"end":{"line":34,"column":31}},"16":{"start":{"line":35,"column":4},"end":{"line":35,"column":47}},"17":{"start":{"line":42,"column":4},"end":{"line":47,"column":5}},"18":{"start":{"line":43,"column":16},"end":{"line":43,"column":136}},"19":{"start":{"line":44,"column":18},"end":{"line":44,"column":138}},"20":{"start":{"line":45,"column":17},"end":{"line":45,"column":136}},"21":{"start":{"line":46,"column":21},"end":{"line":46,"column":30}},"22":{"start":{"line":48,"column":4},"end":{"line":48,"column":13}},"23":{"start":{"line":54,"column":12},"end":{"line":54,"column":33}},"24":{"start":{"line":55,"column":4},"end":{"line":57,"column":5}},"25":{"start":{"line":56,"column":8},"end":{"line":56,"column":17}},"26":{"start":{"line":58,"column":4},"end":{"line":58,"column":13}},"27":{"start":{"line":64,"column":4},"end":{"line":66,"column":5}},"28":{"start":{"line":65,"column":8},"end":{"line":65,"column":17}},"29":{"start":{"line":67,"column":4},"end":{"line":67,"column":13}},"30":{"start":{"line":73,"column":4},"end":{"line":88,"column":5}},"31":{"start":{"line":74,"column":17},"end":{"line":74,"column":33}},"32":{"start":{"line":75,"column":8},"end":{"line":75,"column":14}},"33":{"start":{"line":76,"column":18},"end":{"line":76,"column":32}},"34":{"start":{"line":77,"column":8},"end":{"line":77,"column":14}},"35":{"start":{"line":78,"column":17},"end":{"line":78,"column":30}},"36":{"start":{"line":79,"column":8},"end":{"line":79,"column":14}},"37":{"start":{"line":80,"column":20},"end":{"line":80,"column":44}},"38":{"start":{"line":81,"column":8},"end":{"line":81,"column":14}},"39":{"start":{"line":82,"column":21},"end":{"line":82,"column":45}},"40":{"start":{"line":83,"column":8},"end":{"line":83,"column":14}},"41":{"start":{"line":84,"column":22},"end":{"line":84,"column":46}},"42":{"start":{"line":85,"column":8},"end":{"line":85,"column":14}},"43":{"start":{"line":87,"column":8},"end":{"line":87,"column":14}},"44":{"start":{"line":95,"column":4},"end":{"line":97,"column":5}},"45":{"start":{"line":96,"column":8},"end":{"line":96,"column":28}},"46":{"start":{"line":98,"column":4},"end":{"line":98,"column":18}},"47":{"start":{"line":104,"column":4},"end":{"line":112,"column":5}},"48":{"start":{"line":105,"column":19},"end":{"line":105,"column":33}},"49":{"start":{"line":106,"column":19},"end":{"line":106,"column":33}},"50":{"start":{"line":107,"column":19},"end":{"line":107,"column":33}},"51":{"start":{"line":108,"column":19},"end":{"line":108,"column":33}},"52":{"start":{"line":109,"column":19},"end":{"line":109,"column":33}},"53":{"start":{"line":111,"column":8},"end":{"line":111,"column":23}},"54":{"start":{"line":119,"column":5},"end":{"line":124,"column":5}},"55":{"start":{"line":122,"column":8},"end":{"line":122,"column":44}},"56":{"start":{"line":123,"column":8},"end":{"line":123,"column":17}},"57":{"start":{"line":125,"column":4},"end":{"line":128,"column":5}},"58":{"start":{"line":126,"column":8},"end":{"line":126,"column":57}},"59":{"start":{"line":127,"column":8},"end":{"line":127,"column":17}},"60":{"start":{"line":129,"column":4},"end":{"line":132,"column":5}},"61":{"start":{"line":130,"column":8},"end":{"line":130,"column":54}},"62":{"start":{"line":131,"column":8},"end":{"line":131,"column":17}},"63":{"start":{"line":133,"column":4},"end":{"line":136,"column":5}},"64":{"start":{"line":134,"column":8},"end":{"line":134,"column":45}},"65":{"start":{"line":135,"column":8},"end":{"line":135,"column":17}},"66":{"start":{"line":137,"column":4},"end":{"line":137,"column":13}},"67":{"start":{"line":143,"column":4},"end":{"line":166,"column":5}},"68":{"start":{"line":144,"column":8},"end":{"line":144,"column":41}},"69":{"start":{"line":145,"column":8},"end":{"line":145,"column":33}},"70":{"start":{"line":146,"column":8},"end":{"line":146,"column":23}},"71":{"start":{"line":149,"column":9},"end":{"line":166,"column":5}},"72":{"start":{"line":150,"column":8},"end":{"line":150,"column":25}},"73":{"start":{"line":151,"column":8},"end":{"line":160,"column":9}},"74":{"start":{"line":151,"column":36},"end":{"line":151,"column":51}},"75":{"start":{"line":154,"column":12},"end":{"line":159,"column":17}},"76":{"start":{"line":155,"column":16},"end":{"line":155,"column":54}},"77":{"start":{"line":156,"column":16},"end":{"line":156,"column":56}},"78":{"start":{"line":159,"column":2},"end":{"line":159,"column":17}},"79":{"start":{"line":164,"column":8},"end":{"line":164,"column":21}},"80":{"start":{"line":165,"column":8},"end":{"line":165,"column":23}},"81":{"start":{"line":174,"column":4},"end":{"line":183,"column":5}},"82":{"start":{"line":175,"column":16},"end":{"line":175,"column":60}},"83":{"start":{"line":176,"column":8},"end":{"line":180,"column":9}},"84":{"start":{"line":177,"column":18},"end":{"line":177,"column":48}},"85":{"start":{"line":177,"column":48},"end":{"line":177,"column":54}},"86":{"start":{"line":178,"column":18},"end":{"line":178,"column":48}},"87":{"start":{"line":178,"column":48},"end":{"line":178,"column":54}},"88":{"start":{"line":179,"column":18},"end":{"line":179,"column":48}},"89":{"start":{"line":179,"column":48},"end":{"line":179,"column":54}},"90":{"start":{"line":181,"column":8},"end":{"line":181,"column":61}},"91":{"start":{"line":182,"column":8},"end":{"line":182,"column":28}},"92":{"start":{"line":188,"column":4},"end":{"line":188,"column":71}},"93":{"start":{"line":189,"column":4},"end":{"line":189,"column":18}},"94":{"start":{"line":190,"column":4},"end":{"line":190,"column":22}},"95":{"start":{"line":196,"column":4},"end":{"line":196,"column":27}},"96":{"start":{"line":197,"column":4},"end":{"line":197,"column":19}},"97":{"start":{"line":198,"column":4},"end":{"line":198,"column":13}},"98":{"start":{"line":203,"column":4},"end":{"line":203,"column":25}},"99":{"start":{"line":204,"column":4},"end":{"line":204,"column":16}},"100":{"start":{"line":206,"column":4},"end":{"line":213,"column":5}},"101":{"start":{"line":207,"column":8},"end":{"line":207,"column":32}},"102":{"start":{"line":210,"column":9},"end":{"line":213,"column":5}},"103":{"start":{"line":211,"column":8},"end":{"line":211,"column":32}},"104":{"start":{"line":212,"column":8},"end":{"line":212,"column":33}},"105":{"start":{"line":217,"column":18},"end":{"line":217,"column":98}},"106":{"start":{"line":218,"column":4},"end":{"line":218,"column":40}},"107":{"start":{"line":219,"column":4},"end":{"line":219,"column":19}}},"fnMap":{"0":{"name":"forward","decl":{"start":{"line":4,"column":9},"end":{"line":4,"column":16}},"loc":{"start":{"line":4,"column":25},"end":{"line":16,"column":1}},"line":4},"1":{"name":"right","decl":{"start":{"line":19,"column":9},"end":{"line":19,"column":14}},"loc":{"start":{"line":19,"column":23},"end":{"line":22,"column":1}},"line":19},"2":{"name":"left","decl":{"start":{"line":25,"column":9},"end":{"line":25,"column":13}},"loc":{"start":{"line":25,"column":22},"end":{"line":28,"column":1}},"line":25},"3":{"name":"turnToColor","decl":{"start":{"line":32,"column":9},"end":{"line":32,"column":20}},"loc":{"start":{"line":32,"column":35},"end":{"line":36,"column":1}},"line":32},"4":{"name":"predicat","decl":{"start":{"line":41,"column":9},"end":{"line":41,"column":17}},"loc":{"start":{"line":41,"column":31},"end":{"line":49,"column":1}},"line":41},"5":{"name":"pc_is_call","decl":{"start":{"line":53,"column":9},"end":{"line":53,"column":19}},"loc":{"start":{"line":53,"column":30},"end":{"line":59,"column":1}},"line":53},"6":{"name":"pc_is_limit","decl":{"start":{"line":63,"column":9},"end":{"line":63,"column":20}},"loc":{"start":{"line":63,"column":31},"end":{"line":68,"column":1}},"line":63},"7":{"name":"action","decl":{"start":{"line":72,"column":9},"end":{"line":72,"column":15}},"loc":{"start":{"line":72,"column":28},"end":{"line":89,"column":1}},"line":72},"8":{"name":"executeInstOnPuzzle","decl":{"start":{"line":94,"column":9},"end":{"line":94,"column":28}},"loc":{"start":{"line":94,"column":41},"end":{"line":99,"column":1}},"line":94},"9":{"name":"newPC","decl":{"start":{"line":103,"column":9},"end":{"line":103,"column":14}},"loc":{"start":{"line":103,"column":25},"end":{"line":113,"column":1}},"line":103},"10":{"name":"gameOver","decl":{"start":{"line":118,"column":9},"end":{"line":118,"column":17}},"loc":{"start":{"line":118,"column":21},"end":{"line":138,"column":1}},"line":118},"11":{"name":"step","decl":{"start":{"line":141,"column":9},"end":{"line":141,"column":13}},"loc":{"start":{"line":141,"column":17},"end":{"line":169,"column":1}},"line":141},"12":{"name":"removeStar","decl":{"start":{"line":173,"column":9},"end":{"line":173,"column":19}},"loc":{"start":{"line":173,"column":23},"end":{"line":184,"column":1}},"line":173},"13":{"name":"executeProgOnPuzzle","decl":{"start":{"line":187,"column":9},"end":{"line":187,"column":28}},"loc":{"start":{"line":187,"column":32},"end":{"line":191,"column":1}},"line":187},"14":{"name":"moveRobot","decl":{"start":{"line":195,"column":9},"end":{"line":195,"column":18}},"loc":{"start":{"line":195,"column":34},"end":{"line":199,"column":1}},"line":195},"15":{"name":"term","decl":{"start":{"line":202,"column":9},"end":{"line":202,"column":13}},"loc":{"start":{"line":202,"column":17},"end":{"line":214,"column":1}},"line":202},"16":{"name":"initialize","decl":{"start":{"line":216,"column":9},"end":{"line":216,"column":19}},"loc":{"start":{"line":216,"column":33},"end":{"line":220,"column":1}},"line":216}},"branchMap":{"0":{"loc":{"start":{"line":5,"column":4},"end":{"line":14,"column":5}},"type":"switch","locations":[{"start":{"line":6,"column":4},"end":{"line":7,"column":14}},{"start":{"line":8,"column":4},"end":{"line":9,"column":14}},{"start":{"line":10,"column":4},"end":{"line":11,"column":14}},{"start":{"line":12,"column":4},"end":{"line":13,"column":14}}],"line":5},"1":{"loc":{"start":{"line":42,"column":4},"end":{"line":47,"column":5}},"type":"switch","locations":[{"start":{"line":43,"column":4},"end":{"line":43,"column":136}},{"start":{"line":44,"column":4},"end":{"line":44,"column":138}},{"start":{"line":45,"column":4},"end":{"line":45,"column":136}},{"start":{"line":46,"column":4},"end":{"line":46,"column":30}}],"line":42},"2":{"loc":{"start":{"line":43,"column":23},"end":{"line":43,"column":135}},"type":"binary-expr","locations":[{"start":{"line":43,"column":23},"end":{"line":43,"column":77}},{"start":{"line":43,"column":81},"end":{"line":43,"column":135}}],"line":43},"3":{"loc":{"start":{"line":44,"column":25},"end":{"line":44,"column":137}},"type":"binary-expr","locations":[{"start":{"line":44,"column":25},"end":{"line":44,"column":79}},{"start":{"line":44,"column":83},"end":{"line":44,"column":137}}],"line":44},"4":{"loc":{"start":{"line":45,"column":24},"end":{"line":45,"column":135}},"type":"binary-expr","locations":[{"start":{"line":45,"column":24},"end":{"line":45,"column":77}},{"start":{"line":45,"column":81},"end":{"line":45,"column":135}}],"line":45},"5":{"loc":{"start":{"line":55,"column":4},"end":{"line":57,"column":5}},"type":"if","locations":[{"start":{"line":55,"column":4},"end":{"line":57,"column":5}},{"start":{},"end":{}}],"line":55},"6":{"loc":{"start":{"line":55,"column":8},"end":{"line":55,"column":94}},"type":"binary-expr","locations":[{"start":{"line":55,"column":8},"end":{"line":55,"column":22}},{"start":{"line":55,"column":26},"end":{"line":55,"column":40}},{"start":{"line":55,"column":44},"end":{"line":55,"column":58}},{"start":{"line":55,"column":62},"end":{"line":55,"column":76}},{"start":{"line":55,"column":80},"end":{"line":55,"column":94}}],"line":55},"7":{"loc":{"start":{"line":64,"column":4},"end":{"line":66,"column":5}},"type":"if","locations":[{"start":{"line":64,"column":4},"end":{"line":66,"column":5}},{"start":{},"end":{}}],"line":64},"8":{"loc":{"start":{"line":73,"column":4},"end":{"line":88,"column":5}},"type":"switch","locations":[{"start":{"line":74,"column":4},"end":{"line":75,"column":14}},{"start":{"line":76,"column":4},"end":{"line":77,"column":14}},{"start":{"line":78,"column":4},"end":{"line":79,"column":14}},{"start":{"line":80,"column":4},"end":{"line":81,"column":14}},{"start":{"line":82,"column":4},"end":{"line":83,"column":14}},{"start":{"line":84,"column":4},"end":{"line":85,"column":14}},{"start":{"line":86,"column":4},"end":{"line":87,"column":14}}],"line":73},"9":{"loc":{"start":{"line":95,"column":4},"end":{"line":97,"column":5}},"type":"if","locations":[{"start":{"line":95,"column":4},"end":{"line":97,"column":5}},{"start":{},"end":{}}],"line":95},"10":{"loc":{"start":{"line":104,"column":4},"end":{"line":112,"column":5}},"type":"switch","locations":[{"start":{"line":105,"column":4},"end":{"line":105,"column":33}},{"start":{"line":106,"column":4},"end":{"line":106,"column":33}},{"start":{"line":107,"column":4},"end":{"line":107,"column":33}},{"start":{"line":108,"column":4},"end":{"line":108,"column":33}},{"start":{"line":109,"column":4},"end":{"line":109,"column":33}},{"start":{"line":110,"column":4},"end":{"line":111,"column":23}}],"line":104},"11":{"loc":{"start":{"line":119,"column":5},"end":{"line":124,"column":5}},"type":"if","locations":[{"start":{"line":119,"column":5},"end":{"line":124,"column":5}},{"start":{},"end":{}}],"line":119},"12":{"loc":{"start":{"line":119,"column":9},"end":{"line":121,"column":189}},"type":"binary-expr","locations":[{"start":{"line":119,"column":9},"end":{"line":119,"column":57}},{"start":{"line":119,"column":62},"end":{"line":119,"column":86}},{"start":{"line":120,"column":9},"end":{"line":120,"column":60}},{"start":{"line":120,"column":64},"end":{"line":120,"column":88}},{"start":{"line":121,"column":13},"end":{"line":121,"column":60}},{"start":{"line":121,"column":64},"end":{"line":121,"column":114}},{"start":{"line":121,"column":118},"end":{"line":121,"column":187}}],"line":119},"13":{"loc":{"start":{"line":125,"column":4},"end":{"line":128,"column":5}},"type":"if","locations":[{"start":{"line":125,"column":4},"end":{"line":128,"column":5}},{"start":{},"end":{}}],"line":125},"14":{"loc":{"start":{"line":125,"column":8},"end":{"line":125,"column":52}},"type":"binary-expr","locations":[{"start":{"line":125,"column":8},"end":{"line":125,"column":25}},{"start":{"line":125,"column":29},"end":{"line":125,"column":52}}],"line":125},"15":{"loc":{"start":{"line":129,"column":4},"end":{"line":132,"column":5}},"type":"if","locations":[{"start":{"line":129,"column":4},"end":{"line":132,"column":5}},{"start":{},"end":{}}],"line":129},"16":{"loc":{"start":{"line":133,"column":4},"end":{"line":136,"column":5}},"type":"if","locations":[{"start":{"line":133,"column":4},"end":{"line":136,"column":5}},{"start":{},"end":{}}],"line":133},"17":{"loc":{"start":{"line":143,"column":4},"end":{"line":166,"column":5}},"type":"if","locations":[{"start":{"line":143,"column":4},"end":{"line":166,"column":5}},{"start":{"line":149,"column":9},"end":{"line":166,"column":5}}],"line":143},"18":{"loc":{"start":{"line":143,"column":7},"end":{"line":143,"column":95}},"type":"binary-expr","locations":[{"start":{"line":143,"column":7},"end":{"line":143,"column":36}},{"start":{"line":143,"column":40},"end":{"line":143,"column":95}}],"line":143},"19":{"loc":{"start":{"line":149,"column":9},"end":{"line":166,"column":5}},"type":"if","locations":[{"start":{"line":149,"column":9},"end":{"line":166,"column":5}},{"start":{"line":163,"column":9},"end":{"line":166,"column":5}}],"line":149},"20":{"loc":{"start":{"line":151,"column":8},"end":{"line":160,"column":9}},"type":"if","locations":[{"start":{"line":151,"column":8},"end":{"line":160,"column":9}},{"start":{"line":153,"column":13},"end":{"line":160,"column":9}}],"line":151},"21":{"loc":{"start":{"line":154,"column":12},"end":{"line":159,"column":17}},"type":"if","locations":[{"start":{"line":154,"column":12},"end":{"line":159,"column":17}},{"start":{"line":159,"column":2},"end":{"line":159,"column":17}}],"line":154},"22":{"loc":{"start":{"line":174,"column":4},"end":{"line":183,"column":5}},"type":"if","locations":[{"start":{"line":174,"column":4},"end":{"line":183,"column":5}},{"start":{},"end":{}}],"line":174},"23":{"loc":{"start":{"line":174,"column":9},"end":{"line":174,"column":244}},"type":"binary-expr","locations":[{"start":{"line":174,"column":9},"end":{"line":174,"column":21}},{"start":{"line":174,"column":28},"end":{"line":174,"column":97}},{"start":{"line":174,"column":101},"end":{"line":174,"column":170}},{"start":{"line":174,"column":174},"end":{"line":174,"column":243}}],"line":174},"24":{"loc":{"start":{"line":176,"column":8},"end":{"line":180,"column":9}},"type":"switch","locations":[{"start":{"line":177,"column":8},"end":{"line":177,"column":54}},{"start":{"line":178,"column":8},"end":{"line":178,"column":54}},{"start":{"line":179,"column":8},"end":{"line":179,"column":54}}],"line":176},"25":{"loc":{"start":{"line":206,"column":4},"end":{"line":213,"column":5}},"type":"if","locations":[{"start":{"line":206,"column":4},"end":{"line":213,"column":5}},{"start":{"line":210,"column":9},"end":{"line":213,"column":5}}],"line":206},"26":{"loc":{"start":{"line":210,"column":9},"end":{"line":213,"column":5}},"type":"if","locations":[{"start":{"line":210,"column":9},"end":{"line":213,"column":5}},{"start":{},"end":{}}],"line":210}},"s":{"0":8,"1":4,"2":4,"3":1,"4":1,"5":1,"6":1,"7":1,"8":1,"9":8,"10":2,"11":2,"12":5,"13":5,"14":5,"15":5,"16":5,"17":8,"18":1,"19":1,"20":0,"21":5,"22":1,"23":8,"24":8,"25":2,"26":6,"27":8,"28":3,"29":5,"30":11,"31":3,"32":3,"33":1,"34":1,"35":2,"36":2,"37":2,"38":2,"39":1,"40":1,"41":1,"42":1,"43":1,"44":3,"45":3,"46":3,"47":4,"48":2,"49":1,"50":1,"51":0,"52":0,"53":0,"54":8,"55":0,"56":0,"57":8,"58":1,"59":1,"60":7,"61":0,"62":0,"63":7,"64":0,"65":0,"66":7,"67":6,"68":1,"69":1,"70":1,"71":5,"72":2,"73":2,"74":1,"75":1,"76":1,"77":1,"78":0,"79":3,"80":3,"81":4,"82":2,"83":2,"84":1,"85":1,"86":0,"87":0,"88":1,"89":1,"90":2,"91":2,"92":2,"93":2,"94":2,"95":1,"96":1,"97":1,"98":2,"99":2,"100":2,"101":0,"102":2,"103":0,"104":0,"105":0,"106":0,"107":0},"f":{"0":8,"1":2,"2":5,"3":5,"4":8,"5":8,"6":8,"7":11,"8":3,"9":4,"10":8,"11":6,"12":4,"13":2,"14":1,"15":2,"16":0},"b":{"0":[4,1,1,1],"1":[1,1,0,5],"2":[1,1],"3":[1,1],"4":[0,0],"5":[2,6],"6":[8,6,6,6,6],"7":[3,5],"8":[3,1,2,2,1,1,1],"9":[3,0],"10":[2,1,1,0,0,0],"11":[0,8],"12":[8,8,8,8,8,8,8],"13":[1,7],"14":[8,1],"15":[0,7],"16":[0,7],"17":[1,5],"18":[6,1],"19":[2,3],"20":[1,1],"21":[1,0],"22":[2,2],"23":[4,4,4,3],"24":[1,0,1],"25":[0,2],"26":[0,2]},"_coverageSchema":"1a1c01bbd47fc00a2c39e90264f33305004495a9","hash":"6f5a8d387cf101400ed7e647803053ffc65cd5df"}
,"/home/rajol/projets6/robot/projetss6-robot-15528/src/puzzles.js": {"path":"/home/rajol/projets6/robot/projetss6-robot-15528/src/puzzles.js","statementMap":{"0":{"start":{"line":2,"column":11},"end":{"line":35,"column":1}},"1":{"start":{"line":38,"column":14},"end":{"line":231,"column":1}},"2":{"start":{"line":237,"column":4},"end":{"line":238,"column":21}},"3":{"start":{"line":238,"column":1},"end":{"line":238,"column":21}},"4":{"start":{"line":239,"column":4},"end":{"line":241,"column":5}},"5":{"start":{"line":240,"column":8},"end":{"line":240,"column":22}},"6":{"start":{"line":242,"column":4},"end":{"line":242,"column":56}},"7":{"start":{"line":248,"column":10},"end":{"line":248,"column":11}},"8":{"start":{"line":249,"column":4},"end":{"line":250,"column":40}},"9":{"start":{"line":249,"column":31},"end":{"line":250,"column":37}},"10":{"start":{"line":250,"column":32},"end":{"line":250,"column":36}},"11":{"start":{"line":251,"column":4},"end":{"line":251,"column":24}}},"fnMap":{"0":{"name":"getPuzzleFrmId","decl":{"start":{"line":236,"column":9},"end":{"line":236,"column":23}},"loc":{"start":{"line":236,"column":32},"end":{"line":243,"column":1}},"line":236},"1":{"name":"getPuzzleFrmName","decl":{"start":{"line":247,"column":9},"end":{"line":247,"column":25}},"loc":{"start":{"line":247,"column":32},"end":{"line":252,"column":1}},"line":247},"2":{"name":"(anonymous_2)","decl":{"start":{"line":249,"column":22},"end":{"line":249,"column":23}},"loc":{"start":{"line":249,"column":29},"end":{"line":250,"column":38}},"line":249}},"branchMap":{"0":{"loc":{"start":{"line":237,"column":4},"end":{"line":238,"column":21}},"type":"if","locations":[{"start":{"line":237,"column":4},"end":{"line":238,"column":21}},{"start":{},"end":{}}],"line":237},"1":{"loc":{"start":{"line":239,"column":4},"end":{"line":241,"column":5}},"type":"if","locations":[{"start":{"line":239,"column":4},"end":{"line":241,"column":5}},{"start":{},"end":{}}],"line":239},"2":{"loc":{"start":{"line":249,"column":31},"end":{"line":250,"column":37}},"type":"if","locations":[{"start":{"line":249,"column":31},"end":{"line":250,"column":37}},{"start":{},"end":{}}],"line":249}},"s":{"0":2,"1":2,"2":16,"3":1,"4":15,"5":5,"6":10,"7":2,"8":2,"9":16,"10":1,"11":2},"f":{"0":16,"1":2,"2":16},"b":{"0":[1,15],"1":[5,10],"2":[1,15]},"_coverageSchema":"1a1c01bbd47fc00a2c39e90264f33305004495a9","hash":"a53e3c8c267895f6df6e14a5789f55dcb9846206"}
,"/home/rajol/projets6/robot/projetss6-robot-15528/src/verify.js": {"path":"/home/rajol/projets6/robot/projetss6-robot-15528/src/verify.js","statementMap":{"0":{"start":{"line":3,"column":4},"end":{"line":6,"column":5}},"1":{"start":{"line":4,"column":8},"end":{"line":4,"column":91}},"2":{"start":{"line":5,"column":8},"end":{"line":5,"column":17}},"3":{"start":{"line":7,"column":4},"end":{"line":10,"column":5}},"4":{"start":{"line":8,"column":8},"end":{"line":8,"column":102}},"5":{"start":{"line":9,"column":8},"end":{"line":9,"column":17}},"6":{"start":{"line":11,"column":4},"end":{"line":14,"column":5}},"7":{"start":{"line":12,"column":8},"end":{"line":12,"column":67}},"8":{"start":{"line":13,"column":8},"end":{"line":13,"column":17}},"9":{"start":{"line":15,"column":4},"end":{"line":20,"column":5}},"10":{"start":{"line":15,"column":16},"end":{"line":15,"column":17}},"11":{"start":{"line":16,"column":8},"end":{"line":19,"column":9}},"12":{"start":{"line":17,"column":12},"end":{"line":17,"column":75}},"13":{"start":{"line":18,"column":12},"end":{"line":18,"column":21}},"14":{"start":{"line":21,"column":4},"end":{"line":21,"column":13}},"15":{"start":{"line":26,"column":12},"end":{"line":26,"column":49}},"16":{"start":{"line":27,"column":16},"end":{"line":27,"column":126}},"17":{"start":{"line":31,"column":4},"end":{"line":31,"column":18}},"18":{"start":{"line":35,"column":4},"end":{"line":35,"column":18}},"19":{"start":{"line":40,"column":4},"end":{"line":43,"column":5}},"20":{"start":{"line":41,"column":8},"end":{"line":41,"column":75}},"21":{"start":{"line":42,"column":8},"end":{"line":42,"column":17}},"22":{"start":{"line":44,"column":4},"end":{"line":47,"column":5}},"23":{"start":{"line":45,"column":8},"end":{"line":45,"column":55}},"24":{"start":{"line":46,"column":8},"end":{"line":46,"column":17}},"25":{"start":{"line":48,"column":4},"end":{"line":51,"column":5}},"26":{"start":{"line":49,"column":8},"end":{"line":49,"column":57}},"27":{"start":{"line":50,"column":8},"end":{"line":50,"column":17}},"28":{"start":{"line":53,"column":4},"end":{"line":56,"column":5}},"29":{"start":{"line":54,"column":8},"end":{"line":54,"column":56}},"30":{"start":{"line":55,"column":8},"end":{"line":55,"column":17}},"31":{"start":{"line":57,"column":4},"end":{"line":57,"column":16}},"32":{"start":{"line":63,"column":4},"end":{"line":67,"column":5}},"33":{"start":{"line":64,"column":8},"end":{"line":64,"column":58}},"34":{"start":{"line":65,"column":8},"end":{"line":65,"column":32}},"35":{"start":{"line":66,"column":8},"end":{"line":66,"column":17}},"36":{"start":{"line":68,"column":12},"end":{"line":68,"column":39}},"37":{"start":{"line":69,"column":4},"end":{"line":72,"column":5}},"38":{"start":{"line":70,"column":8},"end":{"line":70,"column":51}},"39":{"start":{"line":71,"column":8},"end":{"line":71,"column":17}},"40":{"start":{"line":76,"column":8},"end":{"line":79,"column":9}},"41":{"start":{"line":77,"column":12},"end":{"line":77,"column":74}},"42":{"start":{"line":78,"column":12},"end":{"line":78,"column":21}},"43":{"start":{"line":80,"column":16},"end":{"line":80,"column":35}},"44":{"start":{"line":81,"column":8},"end":{"line":84,"column":9}},"45":{"start":{"line":82,"column":12},"end":{"line":82,"column":60}},"46":{"start":{"line":83,"column":12},"end":{"line":83,"column":21}},"47":{"start":{"line":85,"column":14},"end":{"line":85,"column":18}},"48":{"start":{"line":87,"column":8},"end":{"line":89,"column":25}},"49":{"start":{"line":88,"column":12},"end":{"line":89,"column":22}},"50":{"start":{"line":89,"column":13},"end":{"line":89,"column":21}},"51":{"start":{"line":90,"column":8},"end":{"line":90,"column":17}},"52":{"start":{"line":96,"column":10},"end":{"line":96,"column":14}},"53":{"start":{"line":97,"column":4},"end":{"line":97,"column":98}},"54":{"start":{"line":97,"column":30},"end":{"line":97,"column":95}},"55":{"start":{"line":97,"column":60},"end":{"line":97,"column":69}},"56":{"start":{"line":97,"column":70},"end":{"line":97,"column":94}},"57":{"start":{"line":98,"column":4},"end":{"line":98,"column":13}}},"fnMap":{"0":{"name":"verifyPuzzle","decl":{"start":{"line":2,"column":9},"end":{"line":2,"column":21}},"loc":{"start":{"line":2,"column":25},"end":{"line":23,"column":1}},"line":2},"1":{"name":"instructionColor","decl":{"start":{"line":30,"column":9},"end":{"line":30,"column":25}},"loc":{"start":{"line":30,"column":31},"end":{"line":32,"column":1}},"line":30},"2":{"name":"instructionMovement","decl":{"start":{"line":34,"column":9},"end":{"line":34,"column":28}},"loc":{"start":{"line":34,"column":34},"end":{"line":36,"column":1}},"line":34},"3":{"name":"verifyInstruction","decl":{"start":{"line":39,"column":9},"end":{"line":39,"column":26}},"loc":{"start":{"line":39,"column":35},"end":{"line":58,"column":1}},"line":39},"4":{"name":"verifyProgram","decl":{"start":{"line":62,"column":9},"end":{"line":62,"column":22}},"loc":{"start":{"line":62,"column":26},"end":{"line":99,"column":1}},"line":62},"5":{"name":"verifyProgramFunc","decl":{"start":{"line":75,"column":13},"end":{"line":75,"column":30}},"loc":{"start":{"line":75,"column":37},"end":{"line":91,"column":5}},"line":75},"6":{"name":"(anonymous_6)","decl":{"start":{"line":87,"column":29},"end":{"line":87,"column":30}},"loc":{"start":{"line":87,"column":34},"end":{"line":89,"column":23}},"line":87},"7":{"name":"(anonymous_7)","decl":{"start":{"line":97,"column":22},"end":{"line":97,"column":23}},"loc":{"start":{"line":97,"column":29},"end":{"line":97,"column":96}},"line":97}},"branchMap":{"0":{"loc":{"start":{"line":3,"column":4},"end":{"line":6,"column":5}},"type":"if","locations":[{"start":{"line":3,"column":4},"end":{"line":6,"column":5}},{"start":{},"end":{}}],"line":3},"1":{"loc":{"start":{"line":3,"column":7},"end":{"line":3,"column":198}},"type":"binary-expr","locations":[{"start":{"line":3,"column":7},"end":{"line":3,"column":26}},{"start":{"line":3,"column":30},"end":{"line":3,"column":54}},{"start":{"line":3,"column":58},"end":{"line":3,"column":84}},{"start":{"line":3,"column":88},"end":{"line":3,"column":112}},{"start":{"line":3,"column":116},"end":{"line":3,"column":142}},{"start":{"line":3,"column":146},"end":{"line":3,"column":170}},{"start":{"line":3,"column":174},"end":{"line":3,"column":198}}],"line":3},"2":{"loc":{"start":{"line":7,"column":4},"end":{"line":10,"column":5}},"type":"if","locations":[{"start":{"line":7,"column":4},"end":{"line":10,"column":5}},{"start":{},"end":{}}],"line":7},"3":{"loc":{"start":{"line":7,"column":7},"end":{"line":7,"column":129}},"type":"binary-expr","locations":[{"start":{"line":7,"column":7},"end":{"line":7,"column":76}},{"start":{"line":7,"column":80},"end":{"line":7,"column":104}},{"start":{"line":7,"column":108},"end":{"line":7,"column":129}}],"line":7},"4":{"loc":{"start":{"line":11,"column":4},"end":{"line":14,"column":5}},"type":"if","locations":[{"start":{"line":11,"column":4},"end":{"line":14,"column":5}},{"start":{},"end":{}}],"line":11},"5":{"loc":{"start":{"line":16,"column":8},"end":{"line":19,"column":9}},"type":"if","locations":[{"start":{"line":16,"column":8},"end":{"line":19,"column":9}},{"start":{},"end":{}}],"line":16},"6":{"loc":{"start":{"line":16,"column":11},"end":{"line":16,"column":80}},"type":"binary-expr","locations":[{"start":{"line":16,"column":11},"end":{"line":16,"column":45}},{"start":{"line":16,"column":49},"end":{"line":16,"column":80}}],"line":16},"7":{"loc":{"start":{"line":40,"column":4},"end":{"line":43,"column":5}},"type":"if","locations":[{"start":{"line":40,"column":4},"end":{"line":43,"column":5}},{"start":{},"end":{}}],"line":40},"8":{"loc":{"start":{"line":44,"column":4},"end":{"line":47,"column":5}},"type":"if","locations":[{"start":{"line":44,"column":4},"end":{"line":47,"column":5}},{"start":{},"end":{}}],"line":44},"9":{"loc":{"start":{"line":48,"column":4},"end":{"line":51,"column":5}},"type":"if","locations":[{"start":{"line":48,"column":4},"end":{"line":51,"column":5}},{"start":{},"end":{}}],"line":48},"10":{"loc":{"start":{"line":53,"column":4},"end":{"line":56,"column":5}},"type":"if","locations":[{"start":{"line":53,"column":4},"end":{"line":56,"column":5}},{"start":{},"end":{}}],"line":53},"11":{"loc":{"start":{"line":63,"column":4},"end":{"line":67,"column":5}},"type":"if","locations":[{"start":{"line":63,"column":4},"end":{"line":67,"column":5}},{"start":{},"end":{}}],"line":63},"12":{"loc":{"start":{"line":69,"column":4},"end":{"line":72,"column":5}},"type":"if","locations":[{"start":{"line":69,"column":4},"end":{"line":72,"column":5}},{"start":{},"end":{}}],"line":69},"13":{"loc":{"start":{"line":76,"column":8},"end":{"line":79,"column":9}},"type":"if","locations":[{"start":{"line":76,"column":8},"end":{"line":79,"column":9}},{"start":{},"end":{}}],"line":76},"14":{"loc":{"start":{"line":81,"column":8},"end":{"line":84,"column":9}},"type":"if","locations":[{"start":{"line":81,"column":8},"end":{"line":84,"column":9}},{"start":{},"end":{}}],"line":81},"15":{"loc":{"start":{"line":88,"column":12},"end":{"line":89,"column":22}},"type":"if","locations":[{"start":{"line":88,"column":12},"end":{"line":89,"column":22}},{"start":{},"end":{}}],"line":88},"16":{"loc":{"start":{"line":97,"column":30},"end":{"line":97,"column":95}},"type":"if","locations":[{"start":{"line":97,"column":30},"end":{"line":97,"column":95}},{"start":{},"end":{}}],"line":97}},"s":{"0":2,"1":1,"2":1,"3":1,"4":0,"5":0,"6":1,"7":0,"8":0,"9":1,"10":1,"11":1,"12":1,"13":1,"14":0,"15":1,"16":1,"17":6,"18":5,"19":8,"20":1,"21":1,"22":7,"23":1,"24":1,"25":6,"26":1,"27":1,"28":5,"29":1,"30":1,"31":4,"32":7,"33":1,"34":1,"35":1,"36":6,"37":6,"38":1,"39":1,"40":5,"41":1,"42":1,"43":4,"44":4,"45":1,"46":1,"47":3,"48":3,"49":5,"50":2,"51":3,"52":5,"53":5,"54":5,"55":4,"56":4,"57":5},"f":{"0":2,"1":6,"2":5,"3":8,"4":7,"5":5,"6":5,"7":5},"b":{"0":[1,1],"1":[2,1,1,1,1,1,1],"2":[0,1],"3":[1,1,1],"4":[0,1],"5":[1,0],"6":[1,0],"7":[1,7],"8":[1,6],"9":[1,5],"10":[1,4],"11":[1,6],"12":[1,5],"13":[1,4],"14":[1,3],"15":[2,3],"16":[4,1]},"_coverageSchema":"1a1c01bbd47fc00a2c39e90264f33305004495a9","hash":"5ac543b08d2aed03f24dd8dbda7e05dbc3163d72"}
}
