TN:
SF:src/display.js
FN:2,display
FN:3,(anonymous_1)
FN:5,(anonymous_2)
FNF:3
FNH:3
FNDA:8,display
FNDA:96,(anonymous_1)
FNDA:1524,(anonymous_2)
DA:3,8
DA:4,96
DA:5,96
DA:6,1524
DA:7,6
DA:8,9
DA:9,92
DA:10,1405
DA:11,9
DA:12,1
DA:13,2
DA:15,1524
DA:16,8
DA:17,4
DA:18,1
DA:19,2
DA:20,1
DA:24,1516
DA:26,1524
DA:28,96
LF:20
LH:20
BRDA:6,0,0,6
BRDA:6,0,1,9
BRDA:6,0,2,92
BRDA:6,0,3,1405
BRDA:6,0,4,9
BRDA:6,0,5,1
BRDA:6,0,6,2
BRDA:15,1,0,8
BRDA:15,1,1,1516
BRDA:15,2,0,1524
BRDA:15,2,1,124
BRDA:16,3,0,4
BRDA:16,3,1,1
BRDA:16,3,2,2
BRDA:16,3,3,1
BRF:15
BRH:15
end_of_record
TN:
SF:src/game.js
FN:4,forward
FN:19,right
FN:25,left
FN:32,turnToColor
FN:41,predicat
FN:53,pc_is_call
FN:63,pc_is_limit
FN:72,action
FN:94,executeInstOnPuzzle
FN:103,newPC
FN:118,gameOver
FN:141,step
FN:173,removeStar
FN:187,executeProgOnPuzzle
FN:195,moveRobot
FN:202,term
FN:216,initialize
FNF:17
FNH:16
FNDA:8,forward
FNDA:2,right
FNDA:5,left
FNDA:5,turnToColor
FNDA:8,predicat
FNDA:8,pc_is_call
FNDA:8,pc_is_limit
FNDA:11,action
FNDA:3,executeInstOnPuzzle
FNDA:4,newPC
FNDA:8,gameOver
FNDA:6,step
FNDA:4,removeStar
FNDA:2,executeProgOnPuzzle
FNDA:1,moveRobot
FNDA:2,term
FNDA:0,initialize
DA:5,8
DA:6,4
DA:7,4
DA:8,1
DA:9,1
DA:10,1
DA:11,1
DA:12,1
DA:13,1
DA:15,8
DA:20,2
DA:21,2
DA:26,5
DA:27,5
DA:33,5
DA:34,5
DA:35,5
DA:42,8
DA:43,1
DA:44,1
DA:45,0
DA:46,5
DA:48,1
DA:54,8
DA:55,8
DA:56,2
DA:58,6
DA:64,8
DA:65,3
DA:67,5
DA:73,11
DA:74,3
DA:75,3
DA:76,1
DA:77,1
DA:78,2
DA:79,2
DA:80,2
DA:81,2
DA:82,1
DA:83,1
DA:84,1
DA:85,1
DA:87,1
DA:95,3
DA:96,3
DA:98,3
DA:104,4
DA:105,2
DA:106,1
DA:107,1
DA:108,0
DA:109,0
DA:111,0
DA:119,8
DA:122,0
DA:123,0
DA:125,8
DA:126,1
DA:127,1
DA:129,7
DA:130,0
DA:131,0
DA:133,7
DA:134,0
DA:135,0
DA:137,7
DA:143,6
DA:144,1
DA:145,1
DA:146,1
DA:149,5
DA:150,2
DA:151,2
DA:154,1
DA:155,1
DA:156,1
DA:159,0
DA:164,3
DA:165,3
DA:174,4
DA:175,2
DA:176,2
DA:177,1
DA:178,0
DA:179,1
DA:181,2
DA:182,2
DA:188,2
DA:189,2
DA:190,2
DA:196,1
DA:197,1
DA:198,1
DA:203,2
DA:204,2
DA:206,2
DA:207,0
DA:210,2
DA:211,0
DA:212,0
DA:217,0
DA:218,0
DA:219,0
LF:104
LH:86
BRDA:5,0,0,4
BRDA:5,0,1,1
BRDA:5,0,2,1
BRDA:5,0,3,1
BRDA:42,1,0,1
BRDA:42,1,1,1
BRDA:42,1,2,0
BRDA:42,1,3,5
BRDA:43,2,0,1
BRDA:43,2,1,1
BRDA:44,3,0,1
BRDA:44,3,1,1
BRDA:45,4,0,0
BRDA:45,4,1,0
BRDA:55,5,0,2
BRDA:55,5,1,6
BRDA:55,6,0,8
BRDA:55,6,1,6
BRDA:55,6,2,6
BRDA:55,6,3,6
BRDA:55,6,4,6
BRDA:64,7,0,3
BRDA:64,7,1,5
BRDA:73,8,0,3
BRDA:73,8,1,1
BRDA:73,8,2,2
BRDA:73,8,3,2
BRDA:73,8,4,1
BRDA:73,8,5,1
BRDA:73,8,6,1
BRDA:95,9,0,3
BRDA:95,9,1,0
BRDA:104,10,0,2
BRDA:104,10,1,1
BRDA:104,10,2,1
BRDA:104,10,3,0
BRDA:104,10,4,0
BRDA:104,10,5,0
BRDA:119,11,0,0
BRDA:119,11,1,8
BRDA:119,12,0,8
BRDA:119,12,1,8
BRDA:119,12,2,8
BRDA:119,12,3,8
BRDA:119,12,4,8
BRDA:119,12,5,8
BRDA:119,12,6,8
BRDA:125,13,0,1
BRDA:125,13,1,7
BRDA:125,14,0,8
BRDA:125,14,1,1
BRDA:129,15,0,0
BRDA:129,15,1,7
BRDA:133,16,0,0
BRDA:133,16,1,7
BRDA:143,17,0,1
BRDA:143,17,1,5
BRDA:143,18,0,6
BRDA:143,18,1,1
BRDA:149,19,0,2
BRDA:149,19,1,3
BRDA:151,20,0,1
BRDA:151,20,1,1
BRDA:154,21,0,1
BRDA:154,21,1,0
BRDA:174,22,0,2
BRDA:174,22,1,2
BRDA:174,23,0,4
BRDA:174,23,1,4
BRDA:174,23,2,4
BRDA:174,23,3,3
BRDA:176,24,0,1
BRDA:176,24,1,0
BRDA:176,24,2,1
BRDA:206,25,0,0
BRDA:206,25,1,2
BRDA:210,26,0,0
BRDA:210,26,1,2
BRF:78
BRH:64
end_of_record
TN:
SF:src/puzzles.js
FN:236,getPuzzleFrmId
FN:247,getPuzzleFrmName
FN:249,(anonymous_2)
FNF:3
FNH:3
FNDA:16,getPuzzleFrmId
FNDA:2,getPuzzleFrmName
FNDA:16,(anonymous_2)
DA:2,2
DA:38,2
DA:237,16
DA:238,1
DA:239,15
DA:240,5
DA:242,10
DA:248,2
DA:249,16
DA:250,1
DA:251,2
LF:11
LH:11
BRDA:237,0,0,1
BRDA:237,0,1,15
BRDA:239,1,0,5
BRDA:239,1,1,10
BRDA:249,2,0,1
BRDA:249,2,1,15
BRF:6
BRH:6
end_of_record
TN:
SF:src/verify.js
FN:2,verifyPuzzle
FN:30,instructionColor
FN:34,instructionMovement
FN:39,verifyInstruction
FN:62,verifyProgram
FN:75,verifyProgramFunc
FN:87,(anonymous_6)
FN:97,(anonymous_7)
FNF:8
FNH:8
FNDA:2,verifyPuzzle
FNDA:6,instructionColor
FNDA:5,instructionMovement
FNDA:8,verifyInstruction
FNDA:7,verifyProgram
FNDA:5,verifyProgramFunc
FNDA:5,(anonymous_6)
FNDA:5,(anonymous_7)
DA:3,2
DA:4,1
DA:5,1
DA:7,1
DA:8,0
DA:9,0
DA:11,1
DA:12,0
DA:13,0
DA:15,1
DA:16,1
DA:17,1
DA:18,1
DA:21,0
DA:26,1
DA:27,1
DA:31,6
DA:35,5
DA:40,8
DA:41,1
DA:42,1
DA:44,7
DA:45,1
DA:46,1
DA:48,6
DA:49,1
DA:50,1
DA:53,5
DA:54,1
DA:55,1
DA:57,4
DA:63,7
DA:64,1
DA:65,1
DA:66,1
DA:68,6
DA:69,6
DA:70,1
DA:71,1
DA:76,5
DA:77,1
DA:78,1
DA:80,4
DA:81,4
DA:82,1
DA:83,1
DA:85,3
DA:87,3
DA:88,5
DA:89,2
DA:90,3
DA:96,5
DA:97,5
DA:98,5
LF:54
LH:49
BRDA:3,0,0,1
BRDA:3,0,1,1
BRDA:3,1,0,2
BRDA:3,1,1,1
BRDA:3,1,2,1
BRDA:3,1,3,1
BRDA:3,1,4,1
BRDA:3,1,5,1
BRDA:3,1,6,1
BRDA:7,2,0,0
BRDA:7,2,1,1
BRDA:7,3,0,1
BRDA:7,3,1,1
BRDA:7,3,2,1
BRDA:11,4,0,0
BRDA:11,4,1,1
BRDA:16,5,0,1
BRDA:16,5,1,0
BRDA:16,6,0,1
BRDA:16,6,1,0
BRDA:40,7,0,1
BRDA:40,7,1,7
BRDA:44,8,0,1
BRDA:44,8,1,6
BRDA:48,9,0,1
BRDA:48,9,1,5
BRDA:53,10,0,1
BRDA:53,10,1,4
BRDA:63,11,0,1
BRDA:63,11,1,6
BRDA:69,12,0,1
BRDA:69,12,1,5
BRDA:76,13,0,1
BRDA:76,13,1,4
BRDA:81,14,0,1
BRDA:81,14,1,3
BRDA:88,15,0,2
BRDA:88,15,1,3
BRDA:97,16,0,4
BRDA:97,16,1,1
BRF:40
BRH:36
end_of_record
